<?xml version="1.0" encoding="UTF-8"?>
<!-- Generated by org.testng.reporters.JUnitXMLReporter -->
<testsuite hostname="Testriqs-MacBook-Air-5.local" ignored="2" name="Default test" tests="1" failures="0" timestamp="07 Jan 2025 10:14:31 GMT" time="47.853" errors="0">
  <testcase name="testSignatureUpload" time="31.562" classname="Demo.Invoify.tests.test_SummaryPage"/>
  <testcase name="testToggleButtonEnabling" time="0.0" classname="Demo.Invoify.tests.test_SummaryPage">
    <ignored/>
  </testcase> <!-- testToggleButtonEnabling -->
  <testcase name="testPercentageChange" time="0.0" classname="Demo.Invoify.tests.test_SummaryPage">
    <ignored/>
  </testcase> <!-- testPercentageChange -->
</testsuite> <!-- Default test -->
