<?xml version="1.0" encoding="UTF-8"?>
<!-- Generated by org.testng.reporters.JUnitXMLReporter -->
<testsuite ignored="0" hostname="Testriqs-MacBook-Air-5.local" failures="0" tests="3" name="ActionTest" time="193.992" errors="0" timestamp="11 Jan 2025 12:31:36 GMT">
  <testcase classname="Demo.Invoify.tests.validatingInvoiceActions" name="testInvoiceSaving" time="121.754">
    <skipped/>
  </testcase> <!-- testInvoiceSaving -->
  <testcase classname="Demo.Invoify.tests.validatingInvoiceActions" name="testInvoiceSaving" time="25.827"/>
  <testcase classname="Demo.Invoify.tests.validatingInvoiceActions" name="testNavigation" time="8.598"/>
</testsuite> <!-- ActionTest -->
