<?xml version="1.0" encoding="UTF-8"?>
<!-- Generated by org.testng.reporters.JUnitXMLReporter -->
<testsuite ignored="0" hostname="Testriqs-MacBook-Air-5.local" failures="1" tests="3" name="ActionTest" time="80.94" errors="0" timestamp="13 Jan 2025 11:14:32 GMT">
  <testcase classname="Demo.Invoify.tests.validatingInvoiceActions" name="testNavigation" time="29.967"/>
  <testcase classname="Demo.Invoify.tests.validatingInvoiceActions" name="testInvoiceSaving" time="27.378">
    <skipped/>
  </testcase> <!-- testInvoiceSaving -->
  <testcase classname="Demo.Invoify.tests.validatingInvoiceActions" name="testInvoiceSaving" time="1.366">
    <failure type="org.openqa.selenium.ElementClickInterceptedException" message="element click intercepted: Element &amp;lt;button class=&amp;quot;items-center justify-center rounded-md text-sm font-medium ring-offset-background transition-colors focus-visible:outline-none focus-visible:ring-2 focus-visible:ring-ring focus-visible:ring-offset-2 disabled:pointer-events-none disabled:opacity-50 border border-input bg-background hover:bg-accent hover:text-accent-foreground h-10 px-4 py-2 flex gap-2&amp;quot; type=&amp;quot;button&amp;quot; aria-haspopup=&amp;quot;dialog&amp;quot; aria-expanded=&amp;quot;true&amp;quot; aria-controls=&amp;quot;radix-:R1dapalla:&amp;quot; data-state=&amp;quot;open&amp;quot;&amp;gt;...&amp;lt;/button&amp;gt; is not clickable at point (1003, 119). Other element would receive the click: &amp;lt;div data-state=&amp;quot;open&amp;quot; class=&amp;quot;fixed inset-0 z-50 bg-background/80 backdrop-blur-sm data-[state=open]:animate-in data-[state=closed]:animate-out data-[state=closed]:fade-out-0 data-[state=open]:fade-in-0&amp;quot; data-aria-hidden=&amp;quot;true&amp;quot; aria-hidden=&amp;quot;true&amp;quot; style=&amp;quot;pointer-events: auto;&amp;quot;&amp;gt;&amp;lt;/div&amp;gt;
  (Session info: chrome=131.0.6778.265)
Build info: version: &amp;apos;4.13.0&amp;apos;, revision: &amp;apos;ba948ece5b*&amp;apos;
System info: os.name: &amp;apos;Mac OS X&amp;apos;, os.arch: &amp;apos;x86_64&amp;apos;, os.version: &amp;apos;10.16&amp;apos;, java.version: &amp;apos;17.0.1&amp;apos;
Driver info: org.openqa.selenium.chrome.ChromeDriver
Command: [16be07c365b5972232ab833114f44e6c, clickElement {id=f.0247A8BC464D13D4D91CB4301465671F.d.D45C49DEEE77290C366A49C8678D1774.e.61}]
Capabilities {acceptInsecureCerts: false, browserName: chrome, browserVersion: 131.0.6778.265, chrome: {chromedriverVersion: 131.0.6778.264 (2d05e315153..., userDataDir: /var/folders/zr/v2p23ft14w9...}, fedcm:accounts: true, goog:chromeOptions: {debuggerAddress: localhost:51984}, networkConnectionEnabled: false, pageLoadStrategy: normal, platformName: mac, proxy: Proxy(), se:cdp: ws://localhost:51984/devtoo..., se:cdpVersion: 131.0.6778.265, setWindowRect: true, strictFileInteractability: false, timeouts: {implicit: 0, pageLoad: 300000, script: 30000}, unhandledPromptBehavior: dismiss and notify, webauthn:extension:credBlob: true, webauthn:extension:largeBlob: true, webauthn:extension:minPinLength: true, webauthn:extension:prf: true, webauthn:virtualAuthenticators: true}
Element: [[ChromeDriver: chrome on mac (16be07c365b5972232ab833114f44e6c)] -&amp;gt; xpath: //button[text()=&amp;apos;Load Invoice&amp;apos;]]
Session ID: 16be07c365b5972232ab833114f44e6c">
      <![CDATA[org.openqa.selenium.ElementClickInterceptedException: element click intercepted: Element <button class="items-center justify-center rounded-md text-sm font-medium ring-offset-background transition-colors focus-visible:outline-none focus-visible:ring-2 focus-visible:ring-ring focus-visible:ring-offset-2 disabled:pointer-events-none disabled:opacity-50 border border-input bg-background hover:bg-accent hover:text-accent-foreground h-10 px-4 py-2 flex gap-2" type="button" aria-haspopup="dialog" aria-expanded="true" aria-controls="radix-:R1dapalla:" data-state="open">...</button> is not clickable at point (1003, 119). Other element would receive the click: <div data-state="open" class="fixed inset-0 z-50 bg-background/80 backdrop-blur-sm data-[state=open]:animate-in data-[state=closed]:animate-out data-[state=closed]:fade-out-0 data-[state=open]:fade-in-0" data-aria-hidden="true" aria-hidden="true" style="pointer-events: auto;"></div>
  (Session info: chrome=131.0.6778.265)
Build info: version: '4.13.0', revision: 'ba948ece5b*'
System info: os.name: 'Mac OS X', os.arch: 'x86_64', os.version: '10.16', java.version: '17.0.1'
Driver info: org.openqa.selenium.chrome.ChromeDriver
Command: [16be07c365b5972232ab833114f44e6c, clickElement {id=f.0247A8BC464D13D4D91CB4301465671F.d.D45C49DEEE77290C366A49C8678D1774.e.61}]
Capabilities {acceptInsecureCerts: false, browserName: chrome, browserVersion: 131.0.6778.265, chrome: {chromedriverVersion: 131.0.6778.264 (2d05e315153..., userDataDir: /var/folders/zr/v2p23ft14w9...}, fedcm:accounts: true, goog:chromeOptions: {debuggerAddress: localhost:51984}, networkConnectionEnabled: false, pageLoadStrategy: normal, platformName: mac, proxy: Proxy(), se:cdp: ws://localhost:51984/devtoo..., se:cdpVersion: 131.0.6778.265, setWindowRect: true, strictFileInteractability: false, timeouts: {implicit: 0, pageLoad: 300000, script: 30000}, unhandledPromptBehavior: dismiss and notify, webauthn:extension:credBlob: true, webauthn:extension:largeBlob: true, webauthn:extension:minPinLength: true, webauthn:extension:prf: true, webauthn:virtualAuthenticators: true}
Element: [[ChromeDriver: chrome on mac (16be07c365b5972232ab833114f44e6c)] -> xpath: //button[text()='Load Invoice']]
Session ID: 16be07c365b5972232ab833114f44e6c
at org.openqa.selenium.remote.codec.w3c.W3CHttpResponseCodec.createException(W3CHttpResponseCodec.java:200)
at org.openqa.selenium.remote.codec.w3c.W3CHttpResponseCodec.decode(W3CHttpResponseCodec.java:133)
at org.openqa.selenium.remote.codec.w3c.W3CHttpResponseCodec.decode(W3CHttpResponseCodec.java:52)
at org.openqa.selenium.remote.HttpCommandExecutor.execute(HttpCommandExecutor.java:191)
at org.openqa.selenium.remote.service.DriverCommandExecutor.invokeExecute(DriverCommandExecutor.java:196)
at org.openqa.selenium.remote.service.DriverCommandExecutor.execute(DriverCommandExecutor.java:171)
at org.openqa.selenium.remote.RemoteWebDriver.execute(RemoteWebDriver.java:602)
at org.openqa.selenium.remote.RemoteWebElement.execute(RemoteWebElement.java:224)
at org.openqa.selenium.remote.RemoteWebElement.click(RemoteWebElement.java:77)
at org.openqa.selenium.support.pagefactory.internal.LocatingElementHandler.invoke(LocatingElementHandler.java:51)
at jdk.proxy2/jdk.proxy2.$Proxy20.click(Unknown Source)
at Demo.Invoify.Core.PageObjectFacilitator.clickElement(PageObjectFacilitator.java:72)
at Demo.Invoify.Pages.actionAndPreviewPage.loadInvoice(actionAndPreviewPage.java:158)
at Demo.Invoify.Pages.actionAndPreviewPage.loadInvoiceFromDevice(actionAndPreviewPage.java:182)
at Demo.Invoify.tests.validatingInvoiceActions.testInvoiceSaving(validatingInvoiceActions.java:32)
at java.base/java.util.concurrent.FutureTask.run(FutureTask.java:264)
at java.base/java.util.concurrent.ThreadPoolExecutor.runWorker(ThreadPoolExecutor.java:1136)
at java.base/java.util.concurrent.ThreadPoolExecutor$Worker.run(ThreadPoolExecutor.java:635)
at java.base/java.lang.Thread.run(Thread.java:833)
... Removed 25 stack frames]]>
    </failure>
  </testcase> <!-- testInvoiceSaving -->
</testsuite> <!-- ActionTest -->
