<?xml version="1.0" encoding="UTF-8"?>
<!-- Generated by org.testng.reporters.JUnitXMLReporter -->
<testsuite ignored="0" hostname="Testriqs-MacBook-Air-5.local" failures="0" tests="3" name="DataTest" time="197.718" errors="0" timestamp="11 Jan 2025 12:31:40 GMT">
  <testcase classname="Demo.Invoify.tests.dataInputValidation" name="testBankDetailsAreEntered" time="74.193"/>
  <testcase classname="Demo.Invoify.tests.dataInputValidation" name="testProperTotalCalculation" time="24.211"/>
  <testcase classname="Demo.Invoify.tests.dataInputValidation" name="testToggleButtonEnabling" time="61.619"/>
</testsuite> <!-- DataTest -->
