<?xml version="1.0" encoding="UTF-8"?>
<!-- Generated by org.testng.reporters.JUnitXMLReporter -->
<testsuite ignored="0" hostname="Testriqs-MacBook-Air-5.local" failures="0" tests="3" name="DataTest" time="190.023" errors="0" timestamp="11 Jan 2025 13:08:19 GMT">
  <testcase classname="Demo.Invoify.tests.dataInputValidation" name="testBankDetailsAreEntered" time="77.162"/>
  <testcase classname="Demo.Invoify.tests.dataInputValidation" name="testProperTotalCalculation" time="29.914"/>
  <testcase classname="Demo.Invoify.tests.dataInputValidation" name="testToggleButtonEnabling" time="48.021"/>
</testsuite> <!-- DataTest -->
