<?xml version="1.0" encoding="UTF-8"?>
<!-- Generated by org.testng.reporters.JUnitXMLReporter -->
<testsuite hostname="Testriqs-MacBook-Air-5.local" ignored="0" name="Test" tests="3" failures="0" timestamp="08 Jan 2025 06:11:34 GMT" time="61.614" errors="0">
  <testcase name="testLogoIsDisplayed" time="19.219" classname="Demo.Invoify.tests.test_FormAndTo"/>
  <testcase name="testAddingNewCustomInput" time="14.867" classname="Demo.Invoify.tests.test_FormAndTo"/>
  <testcase name="testNextButtonFunctionality" time="7.503" classname="Demo.Invoify.tests.test_FormAndTo"/>
</testsuite> <!-- Test -->
