<?xml version="1.0" encoding="UTF-8"?>
<!-- Generated by org.testng.reporters.JUnitXMLReporter -->
<testsuite ignored="0" hostname="Testriqs-MacBook-Air-5.local" failures="0" tests="2" name="UploadTest" time="141.632" errors="0" timestamp="13 Jan 2025 11:15:32 GMT">
  <testcase classname="Demo.Invoify.tests.verifyAttachmentUpload" name="verifyBillAttachement" time="44.637"/>
  <testcase classname="Demo.Invoify.tests.verifyAttachmentUpload" name="testSignatureUpload" time="10.588"/>
</testsuite> <!-- UploadTest -->
