<?xml version="1.0" encoding="UTF-8"?>
<!-- Generated by org.testng.reporters.JUnitXMLReporter -->
<testsuite ignored="10" hostname="Testriqs-MacBook-Air-5.local" failures="5" tests="15" name="Test" time="105.892" errors="0" timestamp="07 Jan 2025 06:12:26 GMT">
  <testcase classname="Demo.Invoify.tests.test_FormAndTo" name="testLogoIsDisplayed" time="0.062"/>
  <testcase classname="Demo.Invoify.tests.test_InvoiceDetail" name="testLogoIsDisplayedInPreview" time="10.595"/>
  <testcase classname="Demo.Invoify.tests.test_LineItems" name="testProperTotalCalculation" time="0.649"/>
  <testcase classname="Demo.Invoify.tests.test_PaymentInfo" name="testBankDetailsAreEntered" time="0.633"/>
  <testcase classname="Demo.Invoify.tests.test_SummaryPage" name="testToggleButtonEnabling" time="0.524"/>
  <testcase classname="Demo.Invoify.tests.test_PreviewPage" name="testInvoiceSaving" time="12.467">
    <failure type="java.lang.AssertionError" message="expected [true] but found [false]">
      <![CDATA[java.lang.AssertionError: expected [true] but found [false]
at Demo.Invoify.tests.test_PreviewPage.testInvoiceSaving(test_PreviewPage.java:32)
... Removed 31 stack frames]]>
    </failure>
  </testcase> <!-- testInvoiceSaving -->
  <testcase classname="Demo.Invoify.tests.test_FormAndTo" name="testAddingNewCustomInput" time="0.524"/>
  <testcase classname="Demo.Invoify.tests.test_InvoiceDetail" name="testAmountCurrencyChangesCorrectly" time="0.552"/>
  <testcase classname="Demo.Invoify.tests.test_LineItems" name="testAddANewitem" time="0.374"/>
  <testcase classname="Demo.Invoify.tests.test_SummaryPage" name="testPercentageChange" time="31.163"/>
  <testcase classname="Demo.Invoify.tests.test_PreviewPage" name="testGeneratingNewInvoice" time="1.077">
    <failure type="org.openqa.selenium.ElementClickInterceptedException" message="element click intercepted: Element &amp;lt;button class=&amp;quot;items-center justify-center rounded-md text-sm font-medium ring-offset-background transition-colors focus-visible:outline-none focus-visible:ring-2 focus-visible:ring-ring focus-visible:ring-offset-2 disabled:pointer-events-none disabled:opacity-50 border border-input bg-background hover:bg-accent hover:text-accent-foreground h-10 px-4 py-2 flex gap-2&amp;quot; type=&amp;quot;button&amp;quot; data-state=&amp;quot;closed&amp;quot;&amp;gt;...&amp;lt;/button&amp;gt; is not clickable at point (1004, 323). Other element would receive the click: &amp;lt;div data-state=&amp;quot;open&amp;quot; class=&amp;quot;fixed inset-0 z-50 bg-background/80 backdrop-blur-sm data-[state=open]:animate-in data-[state=closed]:animate-out data-[state=closed]:fade-out-0 data-[state=open]:fade-in-0&amp;quot; data-aria-hidden=&amp;quot;true&amp;quot; aria-hidden=&amp;quot;true&amp;quot; style=&amp;quot;pointer-events: auto;&amp;quot;&amp;gt;&amp;lt;/div&amp;gt;
  (Session info: chrome=131.0.6778.205)
Build info: version: &amp;apos;4.13.0&amp;apos;, revision: &amp;apos;ba948ece5b*&amp;apos;
System info: os.name: &amp;apos;Mac OS X&amp;apos;, os.arch: &amp;apos;aarch64&amp;apos;, os.version: &amp;apos;15.0.1&amp;apos;, java.version: &amp;apos;21&amp;apos;
Driver info: org.openqa.selenium.chrome.ChromeDriver
Command: [4355f61d2e85668651281a7809274a8e, clickElement {id=f.500477D710E9F5FD31547CEAFF0605B2.d.DF62CB06D37E3686FCB756271C29A2FE.e.40}]
Capabilities {acceptInsecureCerts: false, browserName: chrome, browserVersion: 131.0.6778.205, chrome: {chromedriverVersion: 131.0.6778.204 (52183f9e99a..., userDataDir: /var/folders/zr/v2p23ft14w9...}, fedcm:accounts: true, goog:chromeOptions: {debuggerAddress: localhost:58425}, networkConnectionEnabled: false, pageLoadStrategy: normal, platformName: mac, proxy: Proxy(), se:cdp: ws://localhost:58425/devtoo..., se:cdpVersion: 131.0.6778.205, setWindowRect: true, strictFileInteractability: false, timeouts: {implicit: 0, pageLoad: 300000, script: 30000}, unhandledPromptBehavior: dismiss and notify, webauthn:extension:credBlob: true, webauthn:extension:largeBlob: true, webauthn:extension:minPinLength: true, webauthn:extension:prf: true, webauthn:virtualAuthenticators: true}
Element: [[ChromeDriver: chrome on mac (4355f61d2e85668651281a7809274a8e)] -&amp;gt; xpath: //button[text()=&amp;apos;New Invoice&amp;apos;]]
Session ID: 4355f61d2e85668651281a7809274a8e">
      <![CDATA[org.openqa.selenium.ElementClickInterceptedException: element click intercepted: Element <button class="items-center justify-center rounded-md text-sm font-medium ring-offset-background transition-colors focus-visible:outline-none focus-visible:ring-2 focus-visible:ring-ring focus-visible:ring-offset-2 disabled:pointer-events-none disabled:opacity-50 border border-input bg-background hover:bg-accent hover:text-accent-foreground h-10 px-4 py-2 flex gap-2" type="button" data-state="closed">...</button> is not clickable at point (1004, 323). Other element would receive the click: <div data-state="open" class="fixed inset-0 z-50 bg-background/80 backdrop-blur-sm data-[state=open]:animate-in data-[state=closed]:animate-out data-[state=closed]:fade-out-0 data-[state=open]:fade-in-0" data-aria-hidden="true" aria-hidden="true" style="pointer-events: auto;"></div>
  (Session info: chrome=131.0.6778.205)
Build info: version: '4.13.0', revision: 'ba948ece5b*'
System info: os.name: 'Mac OS X', os.arch: 'aarch64', os.version: '15.0.1', java.version: '21'
Driver info: org.openqa.selenium.chrome.ChromeDriver
Command: [4355f61d2e85668651281a7809274a8e, clickElement {id=f.500477D710E9F5FD31547CEAFF0605B2.d.DF62CB06D37E3686FCB756271C29A2FE.e.40}]
Capabilities {acceptInsecureCerts: false, browserName: chrome, browserVersion: 131.0.6778.205, chrome: {chromedriverVersion: 131.0.6778.204 (52183f9e99a..., userDataDir: /var/folders/zr/v2p23ft14w9...}, fedcm:accounts: true, goog:chromeOptions: {debuggerAddress: localhost:58425}, networkConnectionEnabled: false, pageLoadStrategy: normal, platformName: mac, proxy: Proxy(), se:cdp: ws://localhost:58425/devtoo..., se:cdpVersion: 131.0.6778.205, setWindowRect: true, strictFileInteractability: false, timeouts: {implicit: 0, pageLoad: 300000, script: 30000}, unhandledPromptBehavior: dismiss and notify, webauthn:extension:credBlob: true, webauthn:extension:largeBlob: true, webauthn:extension:minPinLength: true, webauthn:extension:prf: true, webauthn:virtualAuthenticators: true}
Element: [[ChromeDriver: chrome on mac (4355f61d2e85668651281a7809274a8e)] -> xpath: //button[text()='New Invoice']]
Session ID: 4355f61d2e85668651281a7809274a8e
at org.openqa.selenium.remote.codec.w3c.W3CHttpResponseCodec.createException(W3CHttpResponseCodec.java:200)
at org.openqa.selenium.remote.codec.w3c.W3CHttpResponseCodec.decode(W3CHttpResponseCodec.java:133)
at org.openqa.selenium.remote.codec.w3c.W3CHttpResponseCodec.decode(W3CHttpResponseCodec.java:52)
at org.openqa.selenium.remote.HttpCommandExecutor.execute(HttpCommandExecutor.java:191)
at org.openqa.selenium.remote.service.DriverCommandExecutor.invokeExecute(DriverCommandExecutor.java:196)
at org.openqa.selenium.remote.service.DriverCommandExecutor.execute(DriverCommandExecutor.java:171)
at org.openqa.selenium.remote.RemoteWebDriver.execute(RemoteWebDriver.java:602)
at org.openqa.selenium.remote.RemoteWebElement.execute(RemoteWebElement.java:224)
at org.openqa.selenium.remote.RemoteWebElement.click(RemoteWebElement.java:77)
at org.openqa.selenium.support.pagefactory.internal.LocatingElementHandler.invoke(LocatingElementHandler.java:51)
at jdk.proxy2/jdk.proxy2.$Proxy19.click(Unknown Source)
at Demo.Invoify.Pages.actionAndPreviewPage.addNewInvoice(actionAndPreviewPage.java:170)
at Demo.Invoify.tests.test_PreviewPage.testGeneratingNewInvoice(test_PreviewPage.java:39)
... Removed 32 stack frames]]>
    </failure>
  </testcase> <!-- testGeneratingNewInvoice -->
  <testcase classname="Demo.Invoify.tests.test_FormAndTo" name="testNextButtonFunctionality" time="0.277"/>
  <testcase classname="Demo.Invoify.tests.test_SummaryPage" name="testSignatureUpload" time="0.895">
    <failure type="java.lang.AssertionError" message="expected [true] but found [false]">
      <![CDATA[java.lang.AssertionError: expected [true] but found [false]
at Demo.Invoify.tests.test_SummaryPage.testSignatureUpload(test_SummaryPage.java:57)
... Removed 31 stack frames]]>
    </failure>
  </testcase> <!-- testSignatureUpload -->
  <testcase classname="Demo.Invoify.tests.test_PreviewPage" name="testLoadingInvoiceFromDevice" time="1.119">
    <failure type="org.openqa.selenium.ElementClickInterceptedException" message="element click intercepted: Element &amp;lt;button class=&amp;quot;items-center justify-center rounded-md text-sm font-medium ring-offset-background transition-colors focus-visible:outline-none focus-visible:ring-2 focus-visible:ring-ring focus-visible:ring-offset-2 disabled:pointer-events-none disabled:opacity-50 border border-input bg-background hover:bg-accent hover:text-accent-foreground h-10 px-4 py-2 flex gap-2&amp;quot; type=&amp;quot;button&amp;quot; aria-haspopup=&amp;quot;dialog&amp;quot; aria-expanded=&amp;quot;true&amp;quot; aria-controls=&amp;quot;radix-:R5lb5amkq:&amp;quot; data-state=&amp;quot;open&amp;quot;&amp;gt;...&amp;lt;/button&amp;gt; is not clickable at point (1003, 275). Other element would receive the click: &amp;lt;div data-state=&amp;quot;open&amp;quot; class=&amp;quot;fixed inset-0 z-50 bg-background/80 backdrop-blur-sm data-[state=open]:animate-in data-[state=closed]:animate-out data-[state=closed]:fade-out-0 data-[state=open]:fade-in-0&amp;quot; data-aria-hidden=&amp;quot;true&amp;quot; aria-hidden=&amp;quot;true&amp;quot; style=&amp;quot;pointer-events: auto;&amp;quot;&amp;gt;&amp;lt;/div&amp;gt;
  (Session info: chrome=131.0.6778.205)
Build info: version: &amp;apos;4.13.0&amp;apos;, revision: &amp;apos;ba948ece5b*&amp;apos;
System info: os.name: &amp;apos;Mac OS X&amp;apos;, os.arch: &amp;apos;aarch64&amp;apos;, os.version: &amp;apos;15.0.1&amp;apos;, java.version: &amp;apos;21&amp;apos;
Driver info: org.openqa.selenium.chrome.ChromeDriver
Command: [4355f61d2e85668651281a7809274a8e, clickElement {id=f.500477D710E9F5FD31547CEAFF0605B2.d.DF62CB06D37E3686FCB756271C29A2FE.e.50}]
Capabilities {acceptInsecureCerts: false, browserName: chrome, browserVersion: 131.0.6778.205, chrome: {chromedriverVersion: 131.0.6778.204 (52183f9e99a..., userDataDir: /var/folders/zr/v2p23ft14w9...}, fedcm:accounts: true, goog:chromeOptions: {debuggerAddress: localhost:58425}, networkConnectionEnabled: false, pageLoadStrategy: normal, platformName: mac, proxy: Proxy(), se:cdp: ws://localhost:58425/devtoo..., se:cdpVersion: 131.0.6778.205, setWindowRect: true, strictFileInteractability: false, timeouts: {implicit: 0, pageLoad: 300000, script: 30000}, unhandledPromptBehavior: dismiss and notify, webauthn:extension:credBlob: true, webauthn:extension:largeBlob: true, webauthn:extension:minPinLength: true, webauthn:extension:prf: true, webauthn:virtualAuthenticators: true}
Element: [[ChromeDriver: chrome on mac (4355f61d2e85668651281a7809274a8e)] -&amp;gt; xpath: //button[text()=&amp;apos;Load Invoice&amp;apos;]]
Session ID: 4355f61d2e85668651281a7809274a8e">
      <![CDATA[org.openqa.selenium.ElementClickInterceptedException: element click intercepted: Element <button class="items-center justify-center rounded-md text-sm font-medium ring-offset-background transition-colors focus-visible:outline-none focus-visible:ring-2 focus-visible:ring-ring focus-visible:ring-offset-2 disabled:pointer-events-none disabled:opacity-50 border border-input bg-background hover:bg-accent hover:text-accent-foreground h-10 px-4 py-2 flex gap-2" type="button" aria-haspopup="dialog" aria-expanded="true" aria-controls="radix-:R5lb5amkq:" data-state="open">...</button> is not clickable at point (1003, 275). Other element would receive the click: <div data-state="open" class="fixed inset-0 z-50 bg-background/80 backdrop-blur-sm data-[state=open]:animate-in data-[state=closed]:animate-out data-[state=closed]:fade-out-0 data-[state=open]:fade-in-0" data-aria-hidden="true" aria-hidden="true" style="pointer-events: auto;"></div>
  (Session info: chrome=131.0.6778.205)
Build info: version: '4.13.0', revision: 'ba948ece5b*'
System info: os.name: 'Mac OS X', os.arch: 'aarch64', os.version: '15.0.1', java.version: '21'
Driver info: org.openqa.selenium.chrome.ChromeDriver
Command: [4355f61d2e85668651281a7809274a8e, clickElement {id=f.500477D710E9F5FD31547CEAFF0605B2.d.DF62CB06D37E3686FCB756271C29A2FE.e.50}]
Capabilities {acceptInsecureCerts: false, browserName: chrome, browserVersion: 131.0.6778.205, chrome: {chromedriverVersion: 131.0.6778.204 (52183f9e99a..., userDataDir: /var/folders/zr/v2p23ft14w9...}, fedcm:accounts: true, goog:chromeOptions: {debuggerAddress: localhost:58425}, networkConnectionEnabled: false, pageLoadStrategy: normal, platformName: mac, proxy: Proxy(), se:cdp: ws://localhost:58425/devtoo..., se:cdpVersion: 131.0.6778.205, setWindowRect: true, strictFileInteractability: false, timeouts: {implicit: 0, pageLoad: 300000, script: 30000}, unhandledPromptBehavior: dismiss and notify, webauthn:extension:credBlob: true, webauthn:extension:largeBlob: true, webauthn:extension:minPinLength: true, webauthn:extension:prf: true, webauthn:virtualAuthenticators: true}
Element: [[ChromeDriver: chrome on mac (4355f61d2e85668651281a7809274a8e)] -> xpath: //button[text()='Load Invoice']]
Session ID: 4355f61d2e85668651281a7809274a8e
at org.openqa.selenium.remote.codec.w3c.W3CHttpResponseCodec.createException(W3CHttpResponseCodec.java:200)
at org.openqa.selenium.remote.codec.w3c.W3CHttpResponseCodec.decode(W3CHttpResponseCodec.java:133)
at org.openqa.selenium.remote.codec.w3c.W3CHttpResponseCodec.decode(W3CHttpResponseCodec.java:52)
at org.openqa.selenium.remote.HttpCommandExecutor.execute(HttpCommandExecutor.java:191)
at org.openqa.selenium.remote.service.DriverCommandExecutor.invokeExecute(DriverCommandExecutor.java:196)
at org.openqa.selenium.remote.service.DriverCommandExecutor.execute(DriverCommandExecutor.java:171)
at org.openqa.selenium.remote.RemoteWebDriver.execute(RemoteWebDriver.java:602)
at org.openqa.selenium.remote.RemoteWebElement.execute(RemoteWebElement.java:224)
at org.openqa.selenium.remote.RemoteWebElement.click(RemoteWebElement.java:77)
at org.openqa.selenium.support.pagefactory.internal.LocatingElementHandler.invoke(LocatingElementHandler.java:51)
at jdk.proxy2/jdk.proxy2.$Proxy19.click(Unknown Source)
at Demo.Invoify.Pages.actionAndPreviewPage.loadInvoice(actionAndPreviewPage.java:175)
at Demo.Invoify.Pages.actionAndPreviewPage.loadInvoiceFromDevice(actionAndPreviewPage.java:210)
at Demo.Invoify.tests.test_PreviewPage.testLoadingInvoiceFromDevice(test_PreviewPage.java:46)
... Removed 32 stack frames]]>
    </failure>
  </testcase> <!-- testLoadingInvoiceFromDevice -->
  <testcase classname="Demo.Invoify.tests.test_PreviewPage" name="testSendingGeneratedPdfViaMail" time="1.155">
    <failure type="org.openqa.selenium.ElementClickInterceptedException" message="element click intercepted: Element &amp;lt;button class=&amp;quot;items-center justify-center rounded-md text-sm font-medium ring-offset-background transition-colors focus-visible:outline-none focus-visible:ring-2 focus-visible:ring-ring focus-visible:ring-offset-2 disabled:pointer-events-none disabled:opacity-50 bg-primary text-primary-foreground hover:bg-primary/90 h-10 px-4 py-2 flex gap-2&amp;quot; type=&amp;quot;submit&amp;quot; data-state=&amp;quot;closed&amp;quot;&amp;gt;...&amp;lt;/button&amp;gt; is not clickable at point (1163, 323). Other element would receive the click: &amp;lt;div data-state=&amp;quot;open&amp;quot; class=&amp;quot;fixed inset-0 z-50 bg-background/80 backdrop-blur-sm data-[state=open]:animate-in data-[state=closed]:animate-out data-[state=closed]:fade-out-0 data-[state=open]:fade-in-0&amp;quot; data-aria-hidden=&amp;quot;true&amp;quot; aria-hidden=&amp;quot;true&amp;quot; style=&amp;quot;pointer-events: auto;&amp;quot;&amp;gt;&amp;lt;/div&amp;gt;
  (Session info: chrome=131.0.6778.205)
Build info: version: &amp;apos;4.13.0&amp;apos;, revision: &amp;apos;ba948ece5b*&amp;apos;
System info: os.name: &amp;apos;Mac OS X&amp;apos;, os.arch: &amp;apos;aarch64&amp;apos;, os.version: &amp;apos;15.0.1&amp;apos;, java.version: &amp;apos;21&amp;apos;
Driver info: org.openqa.selenium.chrome.ChromeDriver
Command: [4355f61d2e85668651281a7809274a8e, clickElement {id=f.500477D710E9F5FD31547CEAFF0605B2.d.DF62CB06D37E3686FCB756271C29A2FE.e.38}]
Capabilities {acceptInsecureCerts: false, browserName: chrome, browserVersion: 131.0.6778.205, chrome: {chromedriverVersion: 131.0.6778.204 (52183f9e99a..., userDataDir: /var/folders/zr/v2p23ft14w9...}, fedcm:accounts: true, goog:chromeOptions: {debuggerAddress: localhost:58425}, networkConnectionEnabled: false, pageLoadStrategy: normal, platformName: mac, proxy: Proxy(), se:cdp: ws://localhost:58425/devtoo..., se:cdpVersion: 131.0.6778.205, setWindowRect: true, strictFileInteractability: false, timeouts: {implicit: 0, pageLoad: 300000, script: 30000}, unhandledPromptBehavior: dismiss and notify, webauthn:extension:credBlob: true, webauthn:extension:largeBlob: true, webauthn:extension:minPinLength: true, webauthn:extension:prf: true, webauthn:virtualAuthenticators: true}
Element: [[ChromeDriver: chrome on mac (4355f61d2e85668651281a7809274a8e)] -&amp;gt; xpath: //button[text()=&amp;apos;Generate PDF&amp;apos;]]
Session ID: 4355f61d2e85668651281a7809274a8e">
      <![CDATA[org.openqa.selenium.ElementClickInterceptedException: element click intercepted: Element <button class="items-center justify-center rounded-md text-sm font-medium ring-offset-background transition-colors focus-visible:outline-none focus-visible:ring-2 focus-visible:ring-ring focus-visible:ring-offset-2 disabled:pointer-events-none disabled:opacity-50 bg-primary text-primary-foreground hover:bg-primary/90 h-10 px-4 py-2 flex gap-2" type="submit" data-state="closed">...</button> is not clickable at point (1163, 323). Other element would receive the click: <div data-state="open" class="fixed inset-0 z-50 bg-background/80 backdrop-blur-sm data-[state=open]:animate-in data-[state=closed]:animate-out data-[state=closed]:fade-out-0 data-[state=open]:fade-in-0" data-aria-hidden="true" aria-hidden="true" style="pointer-events: auto;"></div>
  (Session info: chrome=131.0.6778.205)
Build info: version: '4.13.0', revision: 'ba948ece5b*'
System info: os.name: 'Mac OS X', os.arch: 'aarch64', os.version: '15.0.1', java.version: '21'
Driver info: org.openqa.selenium.chrome.ChromeDriver
Command: [4355f61d2e85668651281a7809274a8e, clickElement {id=f.500477D710E9F5FD31547CEAFF0605B2.d.DF62CB06D37E3686FCB756271C29A2FE.e.38}]
Capabilities {acceptInsecureCerts: false, browserName: chrome, browserVersion: 131.0.6778.205, chrome: {chromedriverVersion: 131.0.6778.204 (52183f9e99a..., userDataDir: /var/folders/zr/v2p23ft14w9...}, fedcm:accounts: true, goog:chromeOptions: {debuggerAddress: localhost:58425}, networkConnectionEnabled: false, pageLoadStrategy: normal, platformName: mac, proxy: Proxy(), se:cdp: ws://localhost:58425/devtoo..., se:cdpVersion: 131.0.6778.205, setWindowRect: true, strictFileInteractability: false, timeouts: {implicit: 0, pageLoad: 300000, script: 30000}, unhandledPromptBehavior: dismiss and notify, webauthn:extension:credBlob: true, webauthn:extension:largeBlob: true, webauthn:extension:minPinLength: true, webauthn:extension:prf: true, webauthn:virtualAuthenticators: true}
Element: [[ChromeDriver: chrome on mac (4355f61d2e85668651281a7809274a8e)] -> xpath: //button[text()='Generate PDF']]
Session ID: 4355f61d2e85668651281a7809274a8e
at org.openqa.selenium.remote.codec.w3c.W3CHttpResponseCodec.createException(W3CHttpResponseCodec.java:200)
at org.openqa.selenium.remote.codec.w3c.W3CHttpResponseCodec.decode(W3CHttpResponseCodec.java:133)
at org.openqa.selenium.remote.codec.w3c.W3CHttpResponseCodec.decode(W3CHttpResponseCodec.java:52)
at org.openqa.selenium.remote.HttpCommandExecutor.execute(HttpCommandExecutor.java:191)
at org.openqa.selenium.remote.service.DriverCommandExecutor.invokeExecute(DriverCommandExecutor.java:196)
at org.openqa.selenium.remote.service.DriverCommandExecutor.execute(DriverCommandExecutor.java:171)
at org.openqa.selenium.remote.RemoteWebDriver.execute(RemoteWebDriver.java:602)
at org.openqa.selenium.remote.RemoteWebElement.execute(RemoteWebElement.java:224)
at org.openqa.selenium.remote.RemoteWebElement.click(RemoteWebElement.java:77)
at org.openqa.selenium.support.pagefactory.internal.LocatingElementHandler.invoke(LocatingElementHandler.java:51)
at jdk.proxy2/jdk.proxy2.$Proxy19.click(Unknown Source)
at Demo.Invoify.Pages.actionAndPreviewPage.generatePDF(actionAndPreviewPage.java:161)
at Demo.Invoify.tests.test_PreviewPage.testSendingGeneratedPdfViaMail(test_PreviewPage.java:54)
... Removed 32 stack frames]]>
    </failure>
  </testcase> <!-- testSendingGeneratedPdfViaMail -->
  <testcase classname="Demo.Invoify.core.DriverManagement" name="@BeforeSuite startingTest" time="0.0">
    <ignored/>
  </testcase> <!-- @BeforeSuite startingTest -->
  <testcase classname="Demo.Invoify.core.DriverManagement" name="@BeforeSuite startingTest" time="0.0">
    <ignored/>
  </testcase> <!-- @BeforeSuite startingTest -->
  <testcase classname="Demo.Invoify.core.DriverManagement" name="@BeforeSuite startingTest" time="0.0">
    <ignored/>
  </testcase> <!-- @BeforeSuite startingTest -->
  <testcase classname="Demo.Invoify.core.DriverManagement" name="@BeforeSuite startingTest" time="0.0">
    <ignored/>
  </testcase> <!-- @BeforeSuite startingTest -->
  <testcase classname="Demo.Invoify.core.DriverManagement" name="@BeforeSuite startingTest" time="0.0">
    <ignored/>
  </testcase> <!-- @BeforeSuite startingTest -->
  <testcase classname="Demo.Invoify.core.DriverManagement" name="@AfterSuite endTest" time="0.0">
    <ignored/>
  </testcase> <!-- @AfterSuite endTest -->
  <testcase classname="Demo.Invoify.core.DriverManagement" name="@AfterSuite endTest" time="0.0">
    <ignored/>
  </testcase> <!-- @AfterSuite endTest -->
  <testcase classname="Demo.Invoify.core.DriverManagement" name="@AfterSuite endTest" time="0.0">
    <ignored/>
  </testcase> <!-- @AfterSuite endTest -->
  <testcase classname="Demo.Invoify.core.DriverManagement" name="@AfterSuite endTest" time="0.0">
    <ignored/>
  </testcase> <!-- @AfterSuite endTest -->
  <testcase classname="Demo.Invoify.core.DriverManagement" name="@AfterSuite endTest" time="0.0">
    <ignored/>
  </testcase> <!-- @AfterSuite endTest -->
</testsuite> <!-- Test -->
