<?xml version="1.0" encoding="UTF-8"?>
<testng-results ignored="10" total="25" passed="14" failed="1" skipped="0">
  <reporter-output>
  </reporter-output>
  <suite started-at="2025-01-06T08:04:58Z" name="Suite" finished-at="2025-01-06T08:15:03Z" duration-ms="605538">
    <groups>
    </groups>
    <test started-at="2025-01-06T08:04:58Z" name="Test" finished-at="2025-01-06T08:15:03Z" duration-ms="605538">
      <class name="Demo.Invoify.tests.test_LineItems">
        <test-method is-config="true" signature="initiateDriver()[pri:0, instance:Demo.Invoify.tests.test_LineItems@6f01b95f]" started-at="2025-01-06T08:06:42Z" name="initiateDriver" finished-at="2025-01-06T08:07:00Z" duration-ms="17226" status="PASS">
          <reporter-output>
          </reporter-output>
        </test-method> <!-- initiateDriver -->
        <test-method is-config="true" signature="setMethod(java.lang.reflect.Method)[pri:0, instance:Demo.Invoify.tests.test_LineItems@6f01b95f]" started-at="2025-01-06T08:07:00Z" name="setMethod" finished-at="2025-01-06T08:07:00Z" duration-ms="1" status="PASS">
          <params>
            <param index="0">
              <value>
                <![CDATA[public void Demo.Invoify.tests.test_LineItems.testProperTotalCalculation() throws java.lang.InterruptedException,java.io.IOException]]>
              </value>
            </param>
          </params>
          <reporter-output>
          </reporter-output>
        </test-method> <!-- setMethod -->
        <test-method signature="testProperTotalCalculation()[pri:1, instance:Demo.Invoify.tests.test_LineItems@6f01b95f]" started-at="2025-01-06T08:07:00Z" name="testProperTotalCalculation" finished-at="2025-01-06T08:07:45Z" duration-ms="45231" status="PASS">
          <reporter-output>
          </reporter-output>
        </test-method> <!-- testProperTotalCalculation -->
        <test-method is-config="true" signature="setMethod(java.lang.reflect.Method)[pri:0, instance:Demo.Invoify.tests.test_LineItems@6f01b95f]" started-at="2025-01-06T08:12:00Z" name="setMethod" finished-at="2025-01-06T08:12:00Z" duration-ms="1" status="PASS">
          <params>
            <param index="0">
              <value>
                <![CDATA[public void Demo.Invoify.tests.test_LineItems.testAddANewitem() throws java.io.IOException]]>
              </value>
            </param>
          </params>
          <reporter-output>
          </reporter-output>
        </test-method> <!-- setMethod -->
        <test-method signature="testAddANewitem()[pri:2, instance:Demo.Invoify.tests.test_LineItems@6f01b95f]" started-at="2025-01-06T08:12:00Z" name="testAddANewitem" finished-at="2025-01-06T08:12:20Z" duration-ms="19878" status="PASS">
          <reporter-output>
          </reporter-output>
        </test-method> <!-- testAddANewitem -->
        <test-method is-config="true" signature="quitDriver()[pri:0, instance:Demo.Invoify.tests.test_LineItems@6f01b95f]" started-at="2025-01-06T08:12:20Z" name="quitDriver" finished-at="2025-01-06T08:12:20Z" duration-ms="166" status="PASS">
          <reporter-output>
          </reporter-output>
        </test-method> <!-- quitDriver -->
      </class> <!-- Demo.Invoify.tests.test_LineItems -->
      <class name="Demo.Invoify.tests.test_FormAndTo">
        <test-method is-config="true" signature="startingTest()[pri:0, instance:Demo.Invoify.tests.test_FormAndTo@5c80cf32]" started-at="2025-01-06T08:04:57Z" name="startingTest" finished-at="2025-01-06T08:04:58Z" duration-ms="334" status="PASS">
          <reporter-output>
          </reporter-output>
        </test-method> <!-- startingTest -->
        <test-method is-config="true" signature="initiateDriver()[pri:0, instance:Demo.Invoify.tests.test_FormAndTo@5c80cf32]" started-at="2025-01-06T08:04:58Z" name="initiateDriver" finished-at="2025-01-06T08:05:14Z" duration-ms="16490" status="PASS">
          <reporter-output>
          </reporter-output>
        </test-method> <!-- initiateDriver -->
        <test-method is-config="true" signature="setMethod(java.lang.reflect.Method)[pri:0, instance:Demo.Invoify.tests.test_FormAndTo@5c80cf32]" started-at="2025-01-06T08:05:14Z" name="setMethod" finished-at="2025-01-06T08:05:14Z" duration-ms="8" status="PASS">
          <params>
            <param index="0">
              <value>
                <![CDATA[public void Demo.Invoify.tests.test_FormAndTo.testLogoIsDisplayed()]]>
              </value>
            </param>
          </params>
          <reporter-output>
          </reporter-output>
        </test-method> <!-- setMethod -->
        <test-method signature="testLogoIsDisplayed()[pri:1, instance:Demo.Invoify.tests.test_FormAndTo@5c80cf32]" started-at="2025-01-06T08:05:14Z" name="testLogoIsDisplayed" finished-at="2025-01-06T08:05:32Z" duration-ms="17566" status="PASS">
          <reporter-output>
          </reporter-output>
        </test-method> <!-- testLogoIsDisplayed -->
        <test-method is-config="true" signature="setMethod(java.lang.reflect.Method)[pri:0, instance:Demo.Invoify.tests.test_FormAndTo@5c80cf32]" started-at="2025-01-06T08:11:08Z" name="setMethod" finished-at="2025-01-06T08:11:08Z" duration-ms="0" status="PASS">
          <params>
            <param index="0">
              <value>
                <![CDATA[public void Demo.Invoify.tests.test_FormAndTo.testAddingNewCustomInput()]]>
              </value>
            </param>
          </params>
          <reporter-output>
          </reporter-output>
        </test-method> <!-- setMethod -->
        <test-method signature="testAddingNewCustomInput()[pri:2, instance:Demo.Invoify.tests.test_FormAndTo@5c80cf32]" started-at="2025-01-06T08:11:08Z" name="testAddingNewCustomInput" finished-at="2025-01-06T08:11:41Z" duration-ms="33238" status="PASS">
          <reporter-output>
          </reporter-output>
        </test-method> <!-- testAddingNewCustomInput -->
        <test-method signature="testNextButtonFunctionality()[pri:3, instance:Demo.Invoify.tests.test_FormAndTo@5c80cf32]" started-at="2025-01-06T08:13:46Z" name="testNextButtonFunctionality" finished-at="2025-01-06T08:13:57Z" duration-ms="10685" status="PASS">
          <reporter-output>
          </reporter-output>
        </test-method> <!-- testNextButtonFunctionality -->
        <test-method is-config="true" signature="setMethod(java.lang.reflect.Method)[pri:0, instance:Demo.Invoify.tests.test_FormAndTo@5c80cf32]" started-at="2025-01-06T08:13:46Z" name="setMethod" finished-at="2025-01-06T08:13:46Z" duration-ms="0" status="PASS">
          <params>
            <param index="0">
              <value>
                <![CDATA[public void Demo.Invoify.tests.test_FormAndTo.testNextButtonFunctionality() throws java.io.IOException]]>
              </value>
            </param>
          </params>
          <reporter-output>
          </reporter-output>
        </test-method> <!-- setMethod -->
        <test-method is-config="true" signature="quitDriver()[pri:0, instance:Demo.Invoify.tests.test_FormAndTo@5c80cf32]" started-at="2025-01-06T08:13:57Z" name="quitDriver" finished-at="2025-01-06T08:13:57Z" duration-ms="212" status="PASS">
          <reporter-output>
          </reporter-output>
        </test-method> <!-- quitDriver -->
        <test-method is-config="true" signature="endTest()[pri:0, instance:Demo.Invoify.tests.test_FormAndTo@5c80cf32]" started-at="2025-01-06T08:15:03Z" name="endTest" finished-at="2025-01-06T08:15:03Z" duration-ms="183" status="PASS">
          <reporter-output>
          </reporter-output>
        </test-method> <!-- endTest -->
      </class> <!-- Demo.Invoify.tests.test_FormAndTo -->
      <class name="Demo.Invoify.tests.test_SummaryPage">
        <test-method is-config="true" signature="initiateDriver()[pri:0, instance:Demo.Invoify.tests.test_SummaryPage@1a245833]" started-at="2025-01-06T08:08:44Z" name="initiateDriver" finished-at="2025-01-06T08:09:02Z" duration-ms="17534" status="PASS">
          <reporter-output>
          </reporter-output>
        </test-method> <!-- initiateDriver -->
        <test-method is-config="true" signature="setMethod(java.lang.reflect.Method)[pri:0, instance:Demo.Invoify.tests.test_SummaryPage@1a245833]" started-at="2025-01-06T08:09:02Z" name="setMethod" finished-at="2025-01-06T08:09:02Z" duration-ms="3" status="PASS">
          <params>
            <param index="0">
              <value>
                <![CDATA[public void Demo.Invoify.tests.test_SummaryPage.testToggleButtonEnabling() throws java.io.IOException]]>
              </value>
            </param>
          </params>
          <reporter-output>
          </reporter-output>
        </test-method> <!-- setMethod -->
        <test-method signature="testToggleButtonEnabling()[pri:1, instance:Demo.Invoify.tests.test_SummaryPage@1a245833]" started-at="2025-01-06T08:09:02Z" name="testToggleButtonEnabling" finished-at="2025-01-06T08:09:44Z" duration-ms="42808" status="PASS">
          <reporter-output>
          </reporter-output>
        </test-method> <!-- testToggleButtonEnabling -->
        <test-method is-config="true" signature="setMethod(java.lang.reflect.Method)[pri:0, instance:Demo.Invoify.tests.test_SummaryPage@1a245833]" started-at="2025-01-06T08:12:20Z" name="setMethod" finished-at="2025-01-06T08:12:20Z" duration-ms="1" status="PASS">
          <params>
            <param index="0">
              <value>
                <![CDATA[public void Demo.Invoify.tests.test_SummaryPage.testPercentageChange() throws java.io.IOException]]>
              </value>
            </param>
          </params>
          <reporter-output>
          </reporter-output>
        </test-method> <!-- setMethod -->
        <test-method signature="testPercentageChange()[pri:2, instance:Demo.Invoify.tests.test_SummaryPage@1a245833]" started-at="2025-01-06T08:12:20Z" name="testPercentageChange" finished-at="2025-01-06T08:13:12Z" duration-ms="51864" status="PASS">
          <reporter-output>
          </reporter-output>
        </test-method> <!-- testPercentageChange -->
        <test-method signature="testSignatureUpload()[pri:3, instance:Demo.Invoify.tests.test_SummaryPage@1a245833]" started-at="2025-01-06T08:13:57Z" name="testSignatureUpload" finished-at="2025-01-06T08:14:13Z" duration-ms="15470" status="PASS">
          <reporter-output>
          </reporter-output>
        </test-method> <!-- testSignatureUpload -->
        <test-method is-config="true" signature="setMethod(java.lang.reflect.Method)[pri:0, instance:Demo.Invoify.tests.test_SummaryPage@1a245833]" started-at="2025-01-06T08:13:57Z" name="setMethod" finished-at="2025-01-06T08:13:57Z" duration-ms="0" status="PASS">
          <params>
            <param index="0">
              <value>
                <![CDATA[public void Demo.Invoify.tests.test_SummaryPage.testSignatureUpload() throws java.io.IOException]]>
              </value>
            </param>
          </params>
          <reporter-output>
          </reporter-output>
        </test-method> <!-- setMethod -->
        <test-method is-config="true" signature="quitDriver()[pri:0, instance:Demo.Invoify.tests.test_SummaryPage@1a245833]" started-at="2025-01-06T08:14:13Z" name="quitDriver" finished-at="2025-01-06T08:14:13Z" duration-ms="165" status="PASS">
          <reporter-output>
          </reporter-output>
        </test-method> <!-- quitDriver -->
      </class> <!-- Demo.Invoify.tests.test_SummaryPage -->
      <class name="Demo.Invoify.tests.test_InvoiceDetail">
        <test-method is-config="true" signature="initiateDriver()[pri:0, instance:Demo.Invoify.tests.test_InvoiceDetail@7d900ecf]" started-at="2025-01-06T08:05:32Z" name="initiateDriver" finished-at="2025-01-06T08:05:50Z" duration-ms="18433" status="PASS">
          <reporter-output>
          </reporter-output>
        </test-method> <!-- initiateDriver -->
        <test-method is-config="true" signature="setMethod(java.lang.reflect.Method)[pri:0, instance:Demo.Invoify.tests.test_InvoiceDetail@7d900ecf]" started-at="2025-01-06T08:05:50Z" name="setMethod" finished-at="2025-01-06T08:05:50Z" duration-ms="1" status="PASS">
          <params>
            <param index="0">
              <value>
                <![CDATA[public void Demo.Invoify.tests.test_InvoiceDetail.testLogoIsDisplayedInPreview() throws java.io.IOException]]>
              </value>
            </param>
          </params>
          <reporter-output>
          </reporter-output>
        </test-method> <!-- setMethod -->
        <test-method signature="testLogoIsDisplayedInPreview()[pri:1, instance:Demo.Invoify.tests.test_InvoiceDetail@7d900ecf]" started-at="2025-01-06T08:05:50Z" name="testLogoIsDisplayedInPreview" finished-at="2025-01-06T08:06:42Z" duration-ms="52415" status="PASS">
          <reporter-output>
          </reporter-output>
        </test-method> <!-- testLogoIsDisplayedInPreview -->
        <test-method is-config="true" signature="setMethod(java.lang.reflect.Method)[pri:0, instance:Demo.Invoify.tests.test_InvoiceDetail@7d900ecf]" started-at="2025-01-06T08:11:41Z" name="setMethod" finished-at="2025-01-06T08:11:41Z" duration-ms="0" status="PASS">
          <params>
            <param index="0">
              <value>
                <![CDATA[public void Demo.Invoify.tests.test_InvoiceDetail.testAmountCurrencyChangesCorrectly() throws java.io.IOException]]>
              </value>
            </param>
          </params>
          <reporter-output>
          </reporter-output>
        </test-method> <!-- setMethod -->
        <test-method signature="testAmountCurrencyChangesCorrectly()[pri:2, instance:Demo.Invoify.tests.test_InvoiceDetail@7d900ecf]" started-at="2025-01-06T08:11:41Z" name="testAmountCurrencyChangesCorrectly" finished-at="2025-01-06T08:12:00Z" duration-ms="18953" status="PASS">
          <reporter-output>
          </reporter-output>
        </test-method> <!-- testAmountCurrencyChangesCorrectly -->
        <test-method is-config="true" signature="quitDriver()[pri:0, instance:Demo.Invoify.tests.test_InvoiceDetail@7d900ecf]" started-at="2025-01-06T08:12:00Z" name="quitDriver" finished-at="2025-01-06T08:12:00Z" duration-ms="216" status="PASS">
          <reporter-output>
          </reporter-output>
        </test-method> <!-- quitDriver -->
      </class> <!-- Demo.Invoify.tests.test_InvoiceDetail -->
      <class name="Demo.Invoify.tests.test_PaymentInfo">
        <test-method is-config="true" signature="initiateDriver()[pri:0, instance:Demo.Invoify.tests.test_PaymentInfo@4007f65e]" started-at="2025-01-06T08:07:45Z" name="initiateDriver" finished-at="2025-01-06T08:08:02Z" duration-ms="17225" status="PASS">
          <reporter-output>
          </reporter-output>
        </test-method> <!-- initiateDriver -->
        <test-method is-config="true" signature="setMethod(java.lang.reflect.Method)[pri:0, instance:Demo.Invoify.tests.test_PaymentInfo@4007f65e]" started-at="2025-01-06T08:08:02Z" name="setMethod" finished-at="2025-01-06T08:08:02Z" duration-ms="2" status="PASS">
          <params>
            <param index="0">
              <value>
                <![CDATA[public void Demo.Invoify.tests.test_PaymentInfo.testBankDetailsAreEntered() throws java.io.IOException]]>
              </value>
            </param>
          </params>
          <reporter-output>
          </reporter-output>
        </test-method> <!-- setMethod -->
        <test-method signature="testBankDetailsAreEntered()[pri:1, instance:Demo.Invoify.tests.test_PaymentInfo@4007f65e]" started-at="2025-01-06T08:08:02Z" name="testBankDetailsAreEntered" finished-at="2025-01-06T08:08:44Z" duration-ms="41699" status="PASS">
          <reporter-output>
          </reporter-output>
        </test-method> <!-- testBankDetailsAreEntered -->
        <test-method is-config="true" signature="quitDriver()[pri:0, instance:Demo.Invoify.tests.test_PaymentInfo@4007f65e]" started-at="2025-01-06T08:08:44Z" name="quitDriver" finished-at="2025-01-06T08:08:44Z" duration-ms="168" status="PASS">
          <reporter-output>
          </reporter-output>
        </test-method> <!-- quitDriver -->
      </class> <!-- Demo.Invoify.tests.test_PaymentInfo -->
      <class name="Demo.Invoify.tests.test_PreviewPage">
        <test-method is-config="true" signature="initiateDriver()[pri:0, instance:Demo.Invoify.tests.test_PreviewPage@673fdbce]" started-at="2025-01-06T08:09:44Z" name="initiateDriver" finished-at="2025-01-06T08:10:03Z" duration-ms="18180" status="PASS">
          <reporter-output>
          </reporter-output>
        </test-method> <!-- initiateDriver -->
        <test-method is-config="true" signature="setMethod(java.lang.reflect.Method)[pri:0, instance:Demo.Invoify.tests.test_PreviewPage@673fdbce]" started-at="2025-01-06T08:10:03Z" name="setMethod" finished-at="2025-01-06T08:10:03Z" duration-ms="1" status="PASS">
          <params>
            <param index="0">
              <value>
                <![CDATA[public void Demo.Invoify.tests.test_PreviewPage.testInvoiceSaving() throws java.io.IOException]]>
              </value>
            </param>
          </params>
          <reporter-output>
          </reporter-output>
        </test-method> <!-- setMethod -->
        <test-method signature="testInvoiceSaving()[pri:1, instance:Demo.Invoify.tests.test_PreviewPage@673fdbce]" started-at="2025-01-06T08:10:03Z" name="testInvoiceSaving" finished-at="2025-01-06T08:11:08Z" duration-ms="64948" status="PASS">
          <reporter-output>
          </reporter-output>
        </test-method> <!-- testInvoiceSaving -->
        <test-method is-config="true" signature="setMethod(java.lang.reflect.Method)[pri:0, instance:Demo.Invoify.tests.test_PreviewPage@673fdbce]" started-at="2025-01-06T08:13:12Z" name="setMethod" finished-at="2025-01-06T08:13:12Z" duration-ms="1" status="PASS">
          <params>
            <param index="0">
              <value>
                <![CDATA[public void Demo.Invoify.tests.test_PreviewPage.testGeneratingNewInvoice() throws java.io.IOException]]>
              </value>
            </param>
          </params>
          <reporter-output>
          </reporter-output>
        </test-method> <!-- setMethod -->
        <test-method signature="testGeneratingNewInvoice()[pri:2, instance:Demo.Invoify.tests.test_PreviewPage@673fdbce]" started-at="2025-01-06T08:13:12Z" name="testGeneratingNewInvoice" finished-at="2025-01-06T08:13:46Z" duration-ms="34408" status="FAIL">
          <exception class="org.openqa.selenium.NoSuchElementException">
            <message>
              <![CDATA[no such element: Unable to locate element: {"method":"xpath","selector":"//div[@class='grid gap-1']/div[@class='text-sm font-semibold']"}
  (Session info: chrome=131.0.6778.205)
For documentation on this error, please visit: https://www.selenium.dev/documentation/webdriver/troubleshooting/errors#no-such-element-exception
Build info: version: '4.13.0', revision: 'ba948ece5b*'
System info: os.name: 'Mac OS X', os.arch: 'aarch64', os.version: '15.0.1', java.version: '23.0.1'
Driver info: org.openqa.selenium.chrome.ChromeDriver
Command: [83398c01b30821c92abc63b0af0760d4, findElement {using=xpath, value=//div[@class='grid gap-1']/div[@class='text-sm font-semibold']}]
Capabilities {acceptInsecureCerts: false, browserName: chrome, browserVersion: 131.0.6778.205, chrome: {chromedriverVersion: 131.0.6778.204 (52183f9e99a..., userDataDir: /var/folders/zr/v2p23ft14w9...}, fedcm:accounts: true, goog:chromeOptions: {debuggerAddress: localhost:52193}, networkConnectionEnabled: false, pageLoadStrategy: normal, platformName: mac, proxy: Proxy(), se:cdp: ws://localhost:52193/devtoo..., se:cdpVersion: 131.0.6778.205, setWindowRect: true, strictFileInteractability: false, timeouts: {implicit: 0, pageLoad: 300000, script: 30000}, unhandledPromptBehavior: dismiss and notify, webauthn:extension:credBlob: true, webauthn:extension:largeBlob: true, webauthn:extension:minPinLength: true, webauthn:extension:prf: true, webauthn:virtualAuthenticators: true}
Session ID: 83398c01b30821c92abc63b0af0760d4]]>
            </message>
            <full-stacktrace>
              <![CDATA[org.openqa.selenium.NoSuchElementException: no such element: Unable to locate element: {"method":"xpath","selector":"//div[@class='grid gap-1']/div[@class='text-sm font-semibold']"}
  (Session info: chrome=131.0.6778.205)
For documentation on this error, please visit: https://www.selenium.dev/documentation/webdriver/troubleshooting/errors#no-such-element-exception
Build info: version: '4.13.0', revision: 'ba948ece5b*'
System info: os.name: 'Mac OS X', os.arch: 'aarch64', os.version: '15.0.1', java.version: '23.0.1'
Driver info: org.openqa.selenium.chrome.ChromeDriver
Command: [83398c01b30821c92abc63b0af0760d4, findElement {using=xpath, value=//div[@class='grid gap-1']/div[@class='text-sm font-semibold']}]
Capabilities {acceptInsecureCerts: false, browserName: chrome, browserVersion: 131.0.6778.205, chrome: {chromedriverVersion: 131.0.6778.204 (52183f9e99a..., userDataDir: /var/folders/zr/v2p23ft14w9...}, fedcm:accounts: true, goog:chromeOptions: {debuggerAddress: localhost:52193}, networkConnectionEnabled: false, pageLoadStrategy: normal, platformName: mac, proxy: Proxy(), se:cdp: ws://localhost:52193/devtoo..., se:cdpVersion: 131.0.6778.205, setWindowRect: true, strictFileInteractability: false, timeouts: {implicit: 0, pageLoad: 300000, script: 30000}, unhandledPromptBehavior: dismiss and notify, webauthn:extension:credBlob: true, webauthn:extension:largeBlob: true, webauthn:extension:minPinLength: true, webauthn:extension:prf: true, webauthn:virtualAuthenticators: true}
Session ID: 83398c01b30821c92abc63b0af0760d4
at java.base/jdk.internal.reflect.DirectConstructorHandleAccessor.newInstance(DirectConstructorHandleAccessor.java:62)
at java.base/java.lang.reflect.Constructor.newInstanceWithCaller(Constructor.java:501)
at java.base/java.lang.reflect.Constructor.newInstance(Constructor.java:485)
at org.openqa.selenium.remote.codec.w3c.W3CHttpResponseCodec.createException(W3CHttpResponseCodec.java:200)
at org.openqa.selenium.remote.codec.w3c.W3CHttpResponseCodec.decode(W3CHttpResponseCodec.java:133)
at org.openqa.selenium.remote.codec.w3c.W3CHttpResponseCodec.decode(W3CHttpResponseCodec.java:52)
at org.openqa.selenium.remote.HttpCommandExecutor.execute(HttpCommandExecutor.java:191)
at org.openqa.selenium.remote.service.DriverCommandExecutor.invokeExecute(DriverCommandExecutor.java:196)
at org.openqa.selenium.remote.service.DriverCommandExecutor.execute(DriverCommandExecutor.java:171)
at org.openqa.selenium.remote.RemoteWebDriver.execute(RemoteWebDriver.java:602)
at org.openqa.selenium.remote.ElementLocation$ElementFinder$2.findElement(ElementLocation.java:165)
at org.openqa.selenium.remote.ElementLocation.findElement(ElementLocation.java:59)
at org.openqa.selenium.remote.RemoteWebDriver.findElement(RemoteWebDriver.java:359)
at org.openqa.selenium.remote.RemoteWebDriver.findElement(RemoteWebDriver.java:353)
at org.openqa.selenium.support.pagefactory.DefaultElementLocator.findElement(DefaultElementLocator.java:68)
at org.openqa.selenium.support.pagefactory.internal.LocatingElementHandler.invoke(LocatingElementHandler.java:38)
at jdk.proxy2/jdk.proxy2.$Proxy19.getText(Unknown Source)
at Demo.Invoify.Pages.actionAndPreviewPage.getMessage(actionAndPreviewPage.java:188)
at Demo.Invoify.tests.test_PreviewPage.testGeneratingNewInvoice(test_PreviewPage.java:40)
at java.base/jdk.internal.reflect.DirectMethodHandleAccessor.invoke(DirectMethodHandleAccessor.java:103)
at java.base/java.lang.reflect.Method.invoke(Method.java:580)
at org.testng.internal.MethodInvocationHelper.invokeMethod(MethodInvocationHelper.java:124)
at org.testng.internal.Invoker.invokeMethod(Invoker.java:583)
at org.testng.internal.Invoker.invokeTestMethod(Invoker.java:719)
at org.testng.internal.Invoker.invokeTestMethods(Invoker.java:989)
at org.testng.internal.TestMethodWorker.invokeTestMethods(TestMethodWorker.java:125)
at org.testng.internal.TestMethodWorker.run(TestMethodWorker.java:109)
at org.testng.TestRunner.privateRun(TestRunner.java:648)
at org.testng.TestRunner.run(TestRunner.java:505)
at org.testng.SuiteRunner.runTest(SuiteRunner.java:455)
at org.testng.SuiteRunner.runSequentially(SuiteRunner.java:450)
at org.testng.SuiteRunner.privateRun(SuiteRunner.java:415)
at org.testng.SuiteRunner.run(SuiteRunner.java:364)
at org.testng.SuiteRunnerWorker.runSuite(SuiteRunnerWorker.java:52)
at org.testng.SuiteRunnerWorker.run(SuiteRunnerWorker.java:84)
at org.testng.TestNG.runSuitesSequentially(TestNG.java:1208)
at org.testng.TestNG.runSuitesLocally(TestNG.java:1137)
at org.testng.TestNG.runSuites(TestNG.java:1049)
at org.testng.TestNG.run(TestNG.java:1017)
at org.apache.maven.surefire.testng.TestNGExecutor.run(TestNGExecutor.java:324)
at org.apache.maven.surefire.testng.TestNGXmlTestSuite.execute(TestNGXmlTestSuite.java:74)
at org.apache.maven.surefire.testng.TestNGProvider.invoke(TestNGProvider.java:123)
at org.apache.maven.surefire.booter.ForkedBooter.runSuitesInProcess(ForkedBooter.java:456)
at org.apache.maven.surefire.booter.ForkedBooter.execute(ForkedBooter.java:169)
at org.apache.maven.surefire.booter.ForkedBooter.run(ForkedBooter.java:595)
at org.apache.maven.surefire.booter.ForkedBooter.main(ForkedBooter.java:581)
]]>
            </full-stacktrace>
          </exception> <!-- org.openqa.selenium.NoSuchElementException -->
          <reporter-output>
          </reporter-output>
        </test-method> <!-- testGeneratingNewInvoice -->
        <test-method is-config="true" signature="setMethod(java.lang.reflect.Method)[pri:0, instance:Demo.Invoify.tests.test_PreviewPage@673fdbce]" started-at="2025-01-06T08:14:13Z" name="setMethod" finished-at="2025-01-06T08:14:13Z" duration-ms="1" status="PASS">
          <params>
            <param index="0">
              <value>
                <![CDATA[public void Demo.Invoify.tests.test_PreviewPage.testLoadingInvoiceFromDevice() throws java.io.IOException]]>
              </value>
            </param>
          </params>
          <reporter-output>
          </reporter-output>
        </test-method> <!-- setMethod -->
        <test-method signature="testLoadingInvoiceFromDevice()[pri:3, instance:Demo.Invoify.tests.test_PreviewPage@673fdbce]" started-at="2025-01-06T08:14:13Z" name="testLoadingInvoiceFromDevice" finished-at="2025-01-06T08:14:28Z" duration-ms="15120" status="PASS">
          <reporter-output>
          </reporter-output>
        </test-method> <!-- testLoadingInvoiceFromDevice -->
        <test-method signature="testSendingGeneratedPdfViaMail()[pri:4, instance:Demo.Invoify.tests.test_PreviewPage@673fdbce]" started-at="2025-01-06T08:14:28Z" name="testSendingGeneratedPdfViaMail" finished-at="2025-01-06T08:15:03Z" duration-ms="35003" status="PASS">
          <reporter-output>
          </reporter-output>
        </test-method> <!-- testSendingGeneratedPdfViaMail -->
        <test-method is-config="true" signature="setMethod(java.lang.reflect.Method)[pri:0, instance:Demo.Invoify.tests.test_PreviewPage@673fdbce]" started-at="2025-01-06T08:14:28Z" name="setMethod" finished-at="2025-01-06T08:14:28Z" duration-ms="0" status="PASS">
          <params>
            <param index="0">
              <value>
                <![CDATA[public void Demo.Invoify.tests.test_PreviewPage.testSendingGeneratedPdfViaMail() throws java.io.IOException]]>
              </value>
            </param>
          </params>
          <reporter-output>
          </reporter-output>
        </test-method> <!-- setMethod -->
        <test-method is-config="true" signature="quitDriver()[pri:0, instance:Demo.Invoify.tests.test_PreviewPage@673fdbce]" started-at="2025-01-06T08:15:03Z" name="quitDriver" finished-at="2025-01-06T08:15:03Z" duration-ms="167" status="PASS">
          <reporter-output>
          </reporter-output>
        </test-method> <!-- quitDriver -->
      </class> <!-- Demo.Invoify.tests.test_PreviewPage -->
    </test> <!-- Test -->
  </suite> <!-- Suite -->
</testng-results>
