<?xml version="1.0" encoding="UTF-8"?>
<testng-results skipped="0" failed="0" ignored="0" total="1" passed="1">
  <reporter-output>
  </reporter-output>
  <suite name="Default suite" duration-ms="15798" started-at="2025-01-11T08:31:54Z" finished-at="2025-01-11T08:32:10Z">
    <groups>
    </groups>
    <test name="Default test" duration-ms="15798" started-at="2025-01-11T08:31:54Z" finished-at="2025-01-11T08:32:10Z">
      <class name="Demo.Invoify.tests.test_FormAndTo">
        <test-method status="PASS" signature="launchApplication()[pri:0, instance:Demo.Invoify.tests.test_FormAndTo@3e3047e6]" name="launchApplication" is-config="true" duration-ms="14708" started-at="2025-01-11T08:31:54Z" finished-at="2025-01-11T08:32:09Z">
          <reporter-output>
          </reporter-output>
        </test-method> <!-- launchApplication -->
        <test-method status="PASS" signature="testLogoIsDisplayed()[pri:1, instance:Demo.Invoify.tests.test_FormAndTo@3e3047e6]" name="testLogoIsDisplayed" duration-ms="820" started-at="2025-01-11T08:32:09Z" finished-at="2025-01-11T08:32:10Z">
          <reporter-output>
          </reporter-output>
        </test-method> <!-- testLogoIsDisplayed -->
        <test-method status="PASS" signature="quitDriver()[pri:0, instance:Demo.Invoify.tests.test_FormAndTo@3e3047e6]" name="quitDriver" is-config="true" duration-ms="145" started-at="2025-01-11T08:32:10Z" finished-at="2025-01-11T08:32:10Z">
          <reporter-output>
          </reporter-output>
        </test-method> <!-- quitDriver -->
      </class> <!-- Demo.Invoify.tests.test_FormAndTo -->
    </test> <!-- Default test -->
  </suite> <!-- Default suite -->
</testng-results>
