<?xml version="1.0" encoding="UTF-8"?>
<testng-results ignored="0" total="3" passed="3" failed="0" skipped="0">
  <reporter-output>
  </reporter-output>
  <suite started-at="2025-01-13T11:16:58Z" name="Default suite" finished-at="2025-01-13T11:18:55Z" duration-ms="117281">
    <groups>
    </groups>
    <test started-at="2025-01-13T11:16:58Z" name="Default test" finished-at="2025-01-13T11:18:55Z" duration-ms="117281">
      <class name="Demo.Invoify.tests.dataInputValidation">
        <test-method is-config="true" signature="launchApplication()[pri:0, instance:Demo.Invoify.tests.dataInputValidation@36b4091c]" started-at="2025-01-13T11:16:58Z" name="launchApplication" finished-at="2025-01-13T11:17:15Z" duration-ms="17349" status="PASS">
          <reporter-output>
          </reporter-output>
        </test-method> <!-- launchApplication -->
        <test-method signature="testBankDetailsAreEntered()[pri:1, instance:Demo.Invoify.tests.dataInputValidation@36b4091c]" started-at="2025-01-13T11:17:15Z" name="testBankDetailsAreEntered" finished-at="2025-01-13T11:17:59Z" duration-ms="43510" status="PASS">
          <reporter-output>
          </reporter-output>
        </test-method> <!-- testBankDetailsAreEntered -->
        <test-method signature="testProperTotalCalculation()[pri:2, instance:Demo.Invoify.tests.dataInputValidation@36b4091c]" started-at="2025-01-13T11:17:59Z" name="testProperTotalCalculation" finished-at="2025-01-13T11:18:12Z" duration-ms="13211" status="PASS">
          <reporter-output>
          </reporter-output>
        </test-method> <!-- testProperTotalCalculation -->
        <test-method signature="testToggleButtonEnabling()[pri:3, instance:Demo.Invoify.tests.dataInputValidation@36b4091c]" started-at="2025-01-13T11:18:12Z" name="testToggleButtonEnabling" finished-at="2025-01-13T11:18:55Z" duration-ms="42816" status="PASS">
          <reporter-output>
          </reporter-output>
        </test-method> <!-- testToggleButtonEnabling -->
        <test-method is-config="true" signature="quitDriver()[pri:0, instance:Demo.Invoify.tests.dataInputValidation@36b4091c]" started-at="2025-01-13T11:18:55Z" name="quitDriver" finished-at="2025-01-13T11:18:55Z" duration-ms="327" status="PASS">
          <reporter-output>
          </reporter-output>
        </test-method> <!-- quitDriver -->
      </class> <!-- Demo.Invoify.tests.dataInputValidation -->
    </test> <!-- Default test -->
  </suite> <!-- Default suite -->
</testng-results>
