<?xml version="1.0" encoding="UTF-8"?>
<testng-results skipped="0" failed="0" ignored="0" total="3" passed="3">
  <reporter-output>
  </reporter-output>
  <suite name="Suite" duration-ms="61614" started-at="2025-01-08T06:10:32Z" finished-at="2025-01-08T06:11:33Z">
    <groups>
    </groups>
    <test name="Test" duration-ms="61614" started-at="2025-01-08T06:10:32Z" finished-at="2025-01-08T06:11:33Z">
      <class name="Demo.Invoify.tests.test_FormAndTo">
        <test-method status="PASS" signature="startingTest()[pri:0, instance:Demo.Invoify.tests.test_FormAndTo@3bd40a57]" name="startingTest" is-config="true" duration-ms="755" started-at="2025-01-08T06:10:31Z" finished-at="2025-01-08T06:10:32Z">
          <reporter-output>
          </reporter-output>
        </test-method> <!-- startingTest -->
        <test-method status="PASS" signature="initiateDriver()[pri:0, instance:Demo.Invoify.tests.test_FormAndTo@3bd40a57]" name="initiateDriver" is-config="true" duration-ms="19737" started-at="2025-01-08T06:10:32Z" finished-at="2025-01-08T06:10:52Z">
          <reporter-output>
          </reporter-output>
        </test-method> <!-- initiateDriver -->
        <test-method status="PASS" signature="setMethod(java.lang.reflect.Method)[pri:0, instance:Demo.Invoify.tests.test_FormAndTo@3bd40a57]" name="setMethod" is-config="true" duration-ms="38" started-at="2025-01-08T06:10:52Z" finished-at="2025-01-08T06:10:52Z">
          <params>
            <param index="0">
              <value>
                <![CDATA[public void Demo.Invoify.tests.test_FormAndTo.testLogoIsDisplayed()]]>
              </value>
            </param>
          </params>
          <reporter-output>
          </reporter-output>
        </test-method> <!-- setMethod -->
        <test-method status="PASS" signature="testLogoIsDisplayed()[pri:1, instance:Demo.Invoify.tests.test_FormAndTo@3bd40a57]" name="testLogoIsDisplayed" duration-ms="19219" started-at="2025-01-08T06:10:52Z" finished-at="2025-01-08T06:11:11Z">
          <reporter-output>
          </reporter-output>
        </test-method> <!-- testLogoIsDisplayed -->
        <test-method status="PASS" signature="setMethod(java.lang.reflect.Method)[pri:0, instance:Demo.Invoify.tests.test_FormAndTo@3bd40a57]" name="setMethod" is-config="true" duration-ms="2" started-at="2025-01-08T06:11:11Z" finished-at="2025-01-08T06:11:11Z">
          <params>
            <param index="0">
              <value>
                <![CDATA[public void Demo.Invoify.tests.test_FormAndTo.testAddingNewCustomInput()]]>
              </value>
            </param>
          </params>
          <reporter-output>
          </reporter-output>
        </test-method> <!-- setMethod -->
        <test-method status="PASS" signature="testAddingNewCustomInput()[pri:2, instance:Demo.Invoify.tests.test_FormAndTo@3bd40a57]" name="testAddingNewCustomInput" duration-ms="14867" started-at="2025-01-08T06:11:11Z" finished-at="2025-01-08T06:11:26Z">
          <reporter-output>
          </reporter-output>
        </test-method> <!-- testAddingNewCustomInput -->
        <test-method status="PASS" signature="setMethod(java.lang.reflect.Method)[pri:0, instance:Demo.Invoify.tests.test_FormAndTo@3bd40a57]" name="setMethod" is-config="true" duration-ms="2" started-at="2025-01-08T06:11:26Z" finished-at="2025-01-08T06:11:26Z">
          <params>
            <param index="0">
              <value>
                <![CDATA[public void Demo.Invoify.tests.test_FormAndTo.testNextButtonFunctionality() throws java.io.IOException]]>
              </value>
            </param>
          </params>
          <reporter-output>
          </reporter-output>
        </test-method> <!-- setMethod -->
        <test-method status="PASS" signature="testNextButtonFunctionality()[pri:3, instance:Demo.Invoify.tests.test_FormAndTo@3bd40a57]" name="testNextButtonFunctionality" duration-ms="7503" started-at="2025-01-08T06:11:26Z" finished-at="2025-01-08T06:11:33Z">
          <reporter-output>
          </reporter-output>
        </test-method> <!-- testNextButtonFunctionality -->
        <test-method status="PASS" signature="quitDriver()[pri:0, instance:Demo.Invoify.tests.test_FormAndTo@3bd40a57]" name="quitDriver" is-config="true" duration-ms="165" started-at="2025-01-08T06:11:33Z" finished-at="2025-01-08T06:11:33Z">
          <reporter-output>
          </reporter-output>
        </test-method> <!-- quitDriver -->
        <test-method status="PASS" signature="endTest()[pri:0, instance:Demo.Invoify.tests.test_FormAndTo@3bd40a57]" name="endTest" is-config="true" duration-ms="629" started-at="2025-01-08T06:11:34Z" finished-at="2025-01-08T06:11:34Z">
          <reporter-output>
          </reporter-output>
        </test-method> <!-- endTest -->
      </class> <!-- Demo.Invoify.tests.test_FormAndTo -->
    </test> <!-- Test -->
  </suite> <!-- Suite -->
</testng-results>
