<?xml version="1.0" encoding="UTF-8"?>
<testng-results skipped="0" failed="7" ignored="10" total="25" passed="8">
  <reporter-output>
  </reporter-output>
  <suite name="Suite" duration-ms="483773" started-at="2025-01-08T06:42:54Z" finished-at="2025-01-08T06:50:58Z">
    <groups>
    </groups>
    <test name="Test" duration-ms="483773" started-at="2025-01-08T06:42:54Z" finished-at="2025-01-08T06:50:58Z">
      <class name="Demo.Invoify.tests.test_LineItems">
        <test-method status="PASS" signature="initiateDriver()[pri:0, instance:Demo.Invoify.tests.test_LineItems@8909f18]" name="initiateDriver" is-config="true" duration-ms="20562" started-at="2025-01-08T06:44:27Z" finished-at="2025-01-08T06:44:48Z">
          <reporter-output>
          </reporter-output>
        </test-method> <!-- initiateDriver -->
        <test-method status="PASS" signature="setMethod(java.lang.reflect.Method)[pri:0, instance:Demo.Invoify.tests.test_LineItems@8909f18]" name="setMethod" is-config="true" duration-ms="4" started-at="2025-01-08T06:44:48Z" finished-at="2025-01-08T06:44:48Z">
          <params>
            <param index="0">
              <value>
                <![CDATA[public void Demo.Invoify.tests.test_LineItems.testProperTotalCalculation() throws java.lang.InterruptedException,java.io.IOException]]>
              </value>
            </param>
          </params>
          <reporter-output>
          </reporter-output>
        </test-method> <!-- setMethod -->
        <test-method status="PASS" signature="testProperTotalCalculation()[pri:1, instance:Demo.Invoify.tests.test_LineItems@8909f18]" name="testProperTotalCalculation" duration-ms="48578" started-at="2025-01-08T06:44:48Z" finished-at="2025-01-08T06:45:37Z">
          <reporter-output>
          </reporter-output>
        </test-method> <!-- testProperTotalCalculation -->
        <test-method status="PASS" signature="setMethod(java.lang.reflect.Method)[pri:0, instance:Demo.Invoify.tests.test_LineItems@8909f18]" name="setMethod" is-config="true" duration-ms="4" started-at="2025-01-08T06:49:26Z" finished-at="2025-01-08T06:49:26Z">
          <params>
            <param index="0">
              <value>
                <![CDATA[public void Demo.Invoify.tests.test_LineItems.testAddANewitem() throws java.io.IOException]]>
              </value>
            </param>
          </params>
          <reporter-output>
          </reporter-output>
        </test-method> <!-- setMethod -->
        <test-method status="FAIL" signature="testAddANewitem()[pri:2, instance:Demo.Invoify.tests.test_LineItems@8909f18]" name="testAddANewitem" duration-ms="194" started-at="2025-01-08T06:49:26Z" finished-at="2025-01-08T06:49:26Z">
          <exception class="org.openqa.selenium.WebDriverException">
            <message>
              <![CDATA[disconnected: not connected to DevTools
  (failed to check if window was closed: disconnected: not connected to DevTools)
  (Session info: chrome=131.0.6778.205)
Build info: version: '4.13.0', revision: 'ba948ece5b*'
System info: os.name: 'Mac OS X', os.arch: 'x86_64', os.version: '10.16', java.version: '1.8.0_202'
Driver info: org.openqa.selenium.chrome.ChromeDriver
Command: [51281978cde5ee18687dd13094db40de, findElements {using=xpath, value=//div[@aria-roledescription='sortable']}]
Capabilities {acceptInsecureCerts: false, browserName: chrome, browserVersion: 131.0.6778.205, chrome: {chromedriverVersion: 131.0.6778.264 (2d05e315153..., userDataDir: /var/folders/zr/v2p23ft14w9...}, fedcm:accounts: true, goog:chromeOptions: {debuggerAddress: localhost:53932}, networkConnectionEnabled: false, pageLoadStrategy: normal, platformName: mac, proxy: Proxy(), se:cdp: ws://localhost:53932/devtoo..., se:cdpVersion: 131.0.6778.205, setWindowRect: true, strictFileInteractability: false, timeouts: {implicit: 0, pageLoad: 300000, script: 30000}, unhandledPromptBehavior: dismiss and notify, webauthn:extension:credBlob: true, webauthn:extension:largeBlob: true, webauthn:extension:minPinLength: true, webauthn:extension:prf: true, webauthn:virtualAuthenticators: true}
Session ID: 51281978cde5ee18687dd13094db40de]]>
            </message>
            <full-stacktrace>
              <![CDATA[org.openqa.selenium.WebDriverException: disconnected: not connected to DevTools
  (failed to check if window was closed: disconnected: not connected to DevTools)
  (Session info: chrome=131.0.6778.205)
Build info: version: '4.13.0', revision: 'ba948ece5b*'
System info: os.name: 'Mac OS X', os.arch: 'x86_64', os.version: '10.16', java.version: '1.8.0_202'
Driver info: org.openqa.selenium.chrome.ChromeDriver
Command: [51281978cde5ee18687dd13094db40de, findElements {using=xpath, value=//div[@aria-roledescription='sortable']}]
Capabilities {acceptInsecureCerts: false, browserName: chrome, browserVersion: 131.0.6778.205, chrome: {chromedriverVersion: 131.0.6778.264 (2d05e315153..., userDataDir: /var/folders/zr/v2p23ft14w9...}, fedcm:accounts: true, goog:chromeOptions: {debuggerAddress: localhost:53932}, networkConnectionEnabled: false, pageLoadStrategy: normal, platformName: mac, proxy: Proxy(), se:cdp: ws://localhost:53932/devtoo..., se:cdpVersion: 131.0.6778.205, setWindowRect: true, strictFileInteractability: false, timeouts: {implicit: 0, pageLoad: 300000, script: 30000}, unhandledPromptBehavior: dismiss and notify, webauthn:extension:credBlob: true, webauthn:extension:largeBlob: true, webauthn:extension:minPinLength: true, webauthn:extension:prf: true, webauthn:virtualAuthenticators: true}
Session ID: 51281978cde5ee18687dd13094db40de
at sun.reflect.NativeConstructorAccessorImpl.newInstance0(Native Method)
at sun.reflect.NativeConstructorAccessorImpl.newInstance(NativeConstructorAccessorImpl.java:62)
at sun.reflect.DelegatingConstructorAccessorImpl.newInstance(DelegatingConstructorAccessorImpl.java:45)
at java.lang.reflect.Constructor.newInstance(Constructor.java:423)
at org.openqa.selenium.remote.codec.w3c.W3CHttpResponseCodec.createException(W3CHttpResponseCodec.java:200)
at org.openqa.selenium.remote.codec.w3c.W3CHttpResponseCodec.decode(W3CHttpResponseCodec.java:133)
at org.openqa.selenium.remote.codec.w3c.W3CHttpResponseCodec.decode(W3CHttpResponseCodec.java:52)
at org.openqa.selenium.remote.HttpCommandExecutor.execute(HttpCommandExecutor.java:191)
at org.openqa.selenium.remote.service.DriverCommandExecutor.invokeExecute(DriverCommandExecutor.java:196)
at org.openqa.selenium.remote.service.DriverCommandExecutor.execute(DriverCommandExecutor.java:171)
at org.openqa.selenium.remote.RemoteWebDriver.execute(RemoteWebDriver.java:602)
at org.openqa.selenium.remote.ElementLocation$ElementFinder$2.findElements(ElementLocation.java:182)
at org.openqa.selenium.remote.ElementLocation.findElements(ElementLocation.java:103)
at org.openqa.selenium.remote.RemoteWebDriver.findElements(RemoteWebDriver.java:372)
at org.openqa.selenium.remote.RemoteWebDriver.findElements(RemoteWebDriver.java:366)
at org.openqa.selenium.support.pagefactory.DefaultElementLocator.findElements(DefaultElementLocator.java:83)
at org.openqa.selenium.support.pagefactory.internal.LocatingElementListHandler.invoke(LocatingElementListHandler.java:36)
at com.sun.proxy.$Proxy22.size(Unknown Source)
at Demo.Invoify.Pages.lineItemsPage.getTotalItemInList(lineItemsPage.java:87)
at Demo.Invoify.tests.test_LineItems.testAddANewitem(test_LineItems.java:37)
at sun.reflect.NativeMethodAccessorImpl.invoke0(Native Method)
at sun.reflect.NativeMethodAccessorImpl.invoke(NativeMethodAccessorImpl.java:62)
at sun.reflect.DelegatingMethodAccessorImpl.invoke(DelegatingMethodAccessorImpl.java:43)
at java.lang.reflect.Method.invoke(Method.java:498)
at org.testng.internal.MethodInvocationHelper.invokeMethod(MethodInvocationHelper.java:124)
at org.testng.internal.Invoker.invokeMethod(Invoker.java:583)
at org.testng.internal.Invoker.invokeTestMethod(Invoker.java:719)
at org.testng.internal.Invoker.invokeTestMethods(Invoker.java:989)
at org.testng.internal.TestMethodWorker.invokeTestMethods(TestMethodWorker.java:125)
at org.testng.internal.TestMethodWorker.run(TestMethodWorker.java:109)
at org.testng.TestRunner.privateRun(TestRunner.java:648)
at org.testng.TestRunner.run(TestRunner.java:505)
at org.testng.SuiteRunner.runTest(SuiteRunner.java:455)
at org.testng.SuiteRunner.runSequentially(SuiteRunner.java:450)
at org.testng.SuiteRunner.privateRun(SuiteRunner.java:415)
at org.testng.SuiteRunner.run(SuiteRunner.java:364)
at org.testng.SuiteRunnerWorker.runSuite(SuiteRunnerWorker.java:52)
at org.testng.SuiteRunnerWorker.run(SuiteRunnerWorker.java:84)
at org.testng.TestNG.runSuitesSequentially(TestNG.java:1208)
at org.testng.TestNG.runSuitesLocally(TestNG.java:1137)
at org.testng.TestNG.runSuites(TestNG.java:1049)
at org.testng.TestNG.run(TestNG.java:1017)
at org.testng.remote.AbstractRemoteTestNG.run(AbstractRemoteTestNG.java:115)
at org.testng.remote.RemoteTestNG.initAndRun(RemoteTestNG.java:251)
at org.testng.remote.RemoteTestNG.main(RemoteTestNG.java:77)
]]>
            </full-stacktrace>
          </exception> <!-- org.openqa.selenium.WebDriverException -->
          <reporter-output>
          </reporter-output>
        </test-method> <!-- testAddANewitem -->
        <test-method status="PASS" signature="quitDriver()[pri:0, instance:Demo.Invoify.tests.test_LineItems@8909f18]" name="quitDriver" is-config="true" duration-ms="223" started-at="2025-01-08T06:49:26Z" finished-at="2025-01-08T06:49:26Z">
          <reporter-output>
          </reporter-output>
        </test-method> <!-- quitDriver -->
      </class> <!-- Demo.Invoify.tests.test_LineItems -->
      <class name="Demo.Invoify.tests.test_FormAndTo">
        <test-method status="PASS" signature="startingTest()[pri:0, instance:Demo.Invoify.tests.test_FormAndTo@7a52f2a2]" name="startingTest" is-config="true" duration-ms="1044" started-at="2025-01-08T06:42:53Z" finished-at="2025-01-08T06:42:54Z">
          <reporter-output>
          </reporter-output>
        </test-method> <!-- startingTest -->
        <test-method status="PASS" signature="initiateDriver()[pri:0, instance:Demo.Invoify.tests.test_FormAndTo@7a52f2a2]" name="initiateDriver" is-config="true" duration-ms="18637" started-at="2025-01-08T06:42:54Z" finished-at="2025-01-08T06:43:12Z">
          <reporter-output>
          </reporter-output>
        </test-method> <!-- initiateDriver -->
        <test-method status="PASS" signature="setMethod(java.lang.reflect.Method)[pri:0, instance:Demo.Invoify.tests.test_FormAndTo@7a52f2a2]" name="setMethod" is-config="true" duration-ms="29" started-at="2025-01-08T06:43:13Z" finished-at="2025-01-08T06:43:13Z">
          <params>
            <param index="0">
              <value>
                <![CDATA[public void Demo.Invoify.tests.test_FormAndTo.testLogoIsDisplayed()]]>
              </value>
            </param>
          </params>
          <reporter-output>
          </reporter-output>
        </test-method> <!-- setMethod -->
        <test-method status="PASS" signature="testLogoIsDisplayed()[pri:1, instance:Demo.Invoify.tests.test_FormAndTo@7a52f2a2]" name="testLogoIsDisplayed" duration-ms="1597" started-at="2025-01-08T06:43:13Z" finished-at="2025-01-08T06:43:14Z">
          <reporter-output>
          </reporter-output>
        </test-method> <!-- testLogoIsDisplayed -->
        <test-method status="PASS" signature="setMethod(java.lang.reflect.Method)[pri:0, instance:Demo.Invoify.tests.test_FormAndTo@7a52f2a2]" name="setMethod" is-config="true" duration-ms="7" started-at="2025-01-08T06:49:25Z" finished-at="2025-01-08T06:49:25Z">
          <params>
            <param index="0">
              <value>
                <![CDATA[public void Demo.Invoify.tests.test_FormAndTo.testAddingNewCustomInput()]]>
              </value>
            </param>
          </params>
          <reporter-output>
          </reporter-output>
        </test-method> <!-- setMethod -->
        <test-method status="FAIL" signature="testAddingNewCustomInput()[pri:2, instance:Demo.Invoify.tests.test_FormAndTo@7a52f2a2]" name="testAddingNewCustomInput" duration-ms="99" started-at="2025-01-08T06:49:25Z" finished-at="2025-01-08T06:49:25Z">
          <exception class="org.openqa.selenium.WebDriverException">
            <message>
              <![CDATA[disconnected: not connected to DevTools
  (failed to check if window was closed: disconnected: not connected to DevTools)
  (Session info: chrome=131.0.6778.205)
Build info: version: '4.13.0', revision: 'ba948ece5b*'
System info: os.name: 'Mac OS X', os.arch: 'x86_64', os.version: '10.16', java.version: '1.8.0_202'
Driver info: org.openqa.selenium.chrome.ChromeDriver
Command: [4c0261bc2a1134e882c9a3cedbd395c7, findElements {using=xpath, value=//h4[text()='Bill From']//parent::section/div}]
Capabilities {acceptInsecureCerts: false, browserName: chrome, browserVersion: 131.0.6778.205, chrome: {chromedriverVersion: 131.0.6778.264 (2d05e315153..., userDataDir: /var/folders/zr/v2p23ft14w9...}, fedcm:accounts: true, goog:chromeOptions: {debuggerAddress: localhost:53843}, networkConnectionEnabled: false, pageLoadStrategy: normal, platformName: mac, proxy: Proxy(), se:cdp: ws://localhost:53843/devtoo..., se:cdpVersion: 131.0.6778.205, setWindowRect: true, strictFileInteractability: false, timeouts: {implicit: 0, pageLoad: 300000, script: 30000}, unhandledPromptBehavior: dismiss and notify, webauthn:extension:credBlob: true, webauthn:extension:largeBlob: true, webauthn:extension:minPinLength: true, webauthn:extension:prf: true, webauthn:virtualAuthenticators: true}
Session ID: 4c0261bc2a1134e882c9a3cedbd395c7]]>
            </message>
            <full-stacktrace>
              <![CDATA[org.openqa.selenium.WebDriverException: disconnected: not connected to DevTools
  (failed to check if window was closed: disconnected: not connected to DevTools)
  (Session info: chrome=131.0.6778.205)
Build info: version: '4.13.0', revision: 'ba948ece5b*'
System info: os.name: 'Mac OS X', os.arch: 'x86_64', os.version: '10.16', java.version: '1.8.0_202'
Driver info: org.openqa.selenium.chrome.ChromeDriver
Command: [4c0261bc2a1134e882c9a3cedbd395c7, findElements {using=xpath, value=//h4[text()='Bill From']//parent::section/div}]
Capabilities {acceptInsecureCerts: false, browserName: chrome, browserVersion: 131.0.6778.205, chrome: {chromedriverVersion: 131.0.6778.264 (2d05e315153..., userDataDir: /var/folders/zr/v2p23ft14w9...}, fedcm:accounts: true, goog:chromeOptions: {debuggerAddress: localhost:53843}, networkConnectionEnabled: false, pageLoadStrategy: normal, platformName: mac, proxy: Proxy(), se:cdp: ws://localhost:53843/devtoo..., se:cdpVersion: 131.0.6778.205, setWindowRect: true, strictFileInteractability: false, timeouts: {implicit: 0, pageLoad: 300000, script: 30000}, unhandledPromptBehavior: dismiss and notify, webauthn:extension:credBlob: true, webauthn:extension:largeBlob: true, webauthn:extension:minPinLength: true, webauthn:extension:prf: true, webauthn:virtualAuthenticators: true}
Session ID: 4c0261bc2a1134e882c9a3cedbd395c7
at sun.reflect.NativeConstructorAccessorImpl.newInstance0(Native Method)
at sun.reflect.NativeConstructorAccessorImpl.newInstance(NativeConstructorAccessorImpl.java:62)
at sun.reflect.DelegatingConstructorAccessorImpl.newInstance(DelegatingConstructorAccessorImpl.java:45)
at java.lang.reflect.Constructor.newInstance(Constructor.java:423)
at org.openqa.selenium.remote.codec.w3c.W3CHttpResponseCodec.createException(W3CHttpResponseCodec.java:200)
at org.openqa.selenium.remote.codec.w3c.W3CHttpResponseCodec.decode(W3CHttpResponseCodec.java:133)
at org.openqa.selenium.remote.codec.w3c.W3CHttpResponseCodec.decode(W3CHttpResponseCodec.java:52)
at org.openqa.selenium.remote.HttpCommandExecutor.execute(HttpCommandExecutor.java:191)
at org.openqa.selenium.remote.service.DriverCommandExecutor.invokeExecute(DriverCommandExecutor.java:196)
at org.openqa.selenium.remote.service.DriverCommandExecutor.execute(DriverCommandExecutor.java:171)
at org.openqa.selenium.remote.RemoteWebDriver.execute(RemoteWebDriver.java:602)
at org.openqa.selenium.remote.ElementLocation$ElementFinder$2.findElements(ElementLocation.java:182)
at org.openqa.selenium.remote.ElementLocation.findElements(ElementLocation.java:103)
at org.openqa.selenium.remote.RemoteWebDriver.findElements(RemoteWebDriver.java:372)
at org.openqa.selenium.remote.RemoteWebDriver.findElements(RemoteWebDriver.java:366)
at org.openqa.selenium.support.pagefactory.DefaultElementLocator.findElements(DefaultElementLocator.java:83)
at org.openqa.selenium.support.pagefactory.internal.LocatingElementListHandler.invoke(LocatingElementListHandler.java:36)
at com.sun.proxy.$Proxy22.size(Unknown Source)
at Demo.Invoify.Pages.homePage.numberOfInputFieldInBillFrom(homePage.java:154)
at Demo.Invoify.tests.test_FormAndTo.testAddingNewCustomInput(test_FormAndTo.java:24)
at sun.reflect.NativeMethodAccessorImpl.invoke0(Native Method)
at sun.reflect.NativeMethodAccessorImpl.invoke(NativeMethodAccessorImpl.java:62)
at sun.reflect.DelegatingMethodAccessorImpl.invoke(DelegatingMethodAccessorImpl.java:43)
at java.lang.reflect.Method.invoke(Method.java:498)
at org.testng.internal.MethodInvocationHelper.invokeMethod(MethodInvocationHelper.java:124)
at org.testng.internal.Invoker.invokeMethod(Invoker.java:583)
at org.testng.internal.Invoker.invokeTestMethod(Invoker.java:719)
at org.testng.internal.Invoker.invokeTestMethods(Invoker.java:989)
at org.testng.internal.TestMethodWorker.invokeTestMethods(TestMethodWorker.java:125)
at org.testng.internal.TestMethodWorker.run(TestMethodWorker.java:109)
at org.testng.TestRunner.privateRun(TestRunner.java:648)
at org.testng.TestRunner.run(TestRunner.java:505)
at org.testng.SuiteRunner.runTest(SuiteRunner.java:455)
at org.testng.SuiteRunner.runSequentially(SuiteRunner.java:450)
at org.testng.SuiteRunner.privateRun(SuiteRunner.java:415)
at org.testng.SuiteRunner.run(SuiteRunner.java:364)
at org.testng.SuiteRunnerWorker.runSuite(SuiteRunnerWorker.java:52)
at org.testng.SuiteRunnerWorker.run(SuiteRunnerWorker.java:84)
at org.testng.TestNG.runSuitesSequentially(TestNG.java:1208)
at org.testng.TestNG.runSuitesLocally(TestNG.java:1137)
at org.testng.TestNG.runSuites(TestNG.java:1049)
at org.testng.TestNG.run(TestNG.java:1017)
at org.testng.remote.AbstractRemoteTestNG.run(AbstractRemoteTestNG.java:115)
at org.testng.remote.RemoteTestNG.initAndRun(RemoteTestNG.java:251)
at org.testng.remote.RemoteTestNG.main(RemoteTestNG.java:77)
]]>
            </full-stacktrace>
          </exception> <!-- org.openqa.selenium.WebDriverException -->
          <reporter-output>
          </reporter-output>
        </test-method> <!-- testAddingNewCustomInput -->
        <test-method status="PASS" signature="setMethod(java.lang.reflect.Method)[pri:0, instance:Demo.Invoify.tests.test_FormAndTo@7a52f2a2]" name="setMethod" is-config="true" duration-ms="3" started-at="2025-01-08T06:50:06Z" finished-at="2025-01-08T06:50:06Z">
          <params>
            <param index="0">
              <value>
                <![CDATA[public void Demo.Invoify.tests.test_FormAndTo.testNextButtonFunctionality() throws java.io.IOException]]>
              </value>
            </param>
          </params>
          <reporter-output>
          </reporter-output>
        </test-method> <!-- setMethod -->
        <test-method status="FAIL" signature="testNextButtonFunctionality()[pri:3, instance:Demo.Invoify.tests.test_FormAndTo@7a52f2a2]" name="testNextButtonFunctionality" duration-ms="42" started-at="2025-01-08T06:50:06Z" finished-at="2025-01-08T06:50:06Z">
          <exception class="org.openqa.selenium.WebDriverException">
            <message>
              <![CDATA[disconnected: not connected to DevTools
  (failed to check if window was closed: disconnected: not connected to DevTools)
  (Session info: chrome=131.0.6778.205)
Build info: version: '4.13.0', revision: 'ba948ece5b*'
System info: os.name: 'Mac OS X', os.arch: 'x86_64', os.version: '10.16', java.version: '1.8.0_202'
Driver info: org.openqa.selenium.chrome.ChromeDriver
Command: [4c0261bc2a1134e882c9a3cedbd395c7, findElement {using=xpath, value=//button[text()='Next']}]
Capabilities {acceptInsecureCerts: false, browserName: chrome, browserVersion: 131.0.6778.205, chrome: {chromedriverVersion: 131.0.6778.264 (2d05e315153..., userDataDir: /var/folders/zr/v2p23ft14w9...}, fedcm:accounts: true, goog:chromeOptions: {debuggerAddress: localhost:53843}, networkConnectionEnabled: false, pageLoadStrategy: normal, platformName: mac, proxy: Proxy(), se:cdp: ws://localhost:53843/devtoo..., se:cdpVersion: 131.0.6778.205, setWindowRect: true, strictFileInteractability: false, timeouts: {implicit: 0, pageLoad: 300000, script: 30000}, unhandledPromptBehavior: dismiss and notify, webauthn:extension:credBlob: true, webauthn:extension:largeBlob: true, webauthn:extension:minPinLength: true, webauthn:extension:prf: true, webauthn:virtualAuthenticators: true}
Session ID: 4c0261bc2a1134e882c9a3cedbd395c7]]>
            </message>
            <full-stacktrace>
              <![CDATA[org.openqa.selenium.WebDriverException: disconnected: not connected to DevTools
  (failed to check if window was closed: disconnected: not connected to DevTools)
  (Session info: chrome=131.0.6778.205)
Build info: version: '4.13.0', revision: 'ba948ece5b*'
System info: os.name: 'Mac OS X', os.arch: 'x86_64', os.version: '10.16', java.version: '1.8.0_202'
Driver info: org.openqa.selenium.chrome.ChromeDriver
Command: [4c0261bc2a1134e882c9a3cedbd395c7, findElement {using=xpath, value=//button[text()='Next']}]
Capabilities {acceptInsecureCerts: false, browserName: chrome, browserVersion: 131.0.6778.205, chrome: {chromedriverVersion: 131.0.6778.264 (2d05e315153..., userDataDir: /var/folders/zr/v2p23ft14w9...}, fedcm:accounts: true, goog:chromeOptions: {debuggerAddress: localhost:53843}, networkConnectionEnabled: false, pageLoadStrategy: normal, platformName: mac, proxy: Proxy(), se:cdp: ws://localhost:53843/devtoo..., se:cdpVersion: 131.0.6778.205, setWindowRect: true, strictFileInteractability: false, timeouts: {implicit: 0, pageLoad: 300000, script: 30000}, unhandledPromptBehavior: dismiss and notify, webauthn:extension:credBlob: true, webauthn:extension:largeBlob: true, webauthn:extension:minPinLength: true, webauthn:extension:prf: true, webauthn:virtualAuthenticators: true}
Session ID: 4c0261bc2a1134e882c9a3cedbd395c7
at sun.reflect.NativeConstructorAccessorImpl.newInstance0(Native Method)
at sun.reflect.NativeConstructorAccessorImpl.newInstance(NativeConstructorAccessorImpl.java:62)
at sun.reflect.DelegatingConstructorAccessorImpl.newInstance(DelegatingConstructorAccessorImpl.java:45)
at java.lang.reflect.Constructor.newInstance(Constructor.java:423)
at org.openqa.selenium.remote.codec.w3c.W3CHttpResponseCodec.createException(W3CHttpResponseCodec.java:200)
at org.openqa.selenium.remote.codec.w3c.W3CHttpResponseCodec.decode(W3CHttpResponseCodec.java:133)
at org.openqa.selenium.remote.codec.w3c.W3CHttpResponseCodec.decode(W3CHttpResponseCodec.java:52)
at org.openqa.selenium.remote.HttpCommandExecutor.execute(HttpCommandExecutor.java:191)
at org.openqa.selenium.remote.service.DriverCommandExecutor.invokeExecute(DriverCommandExecutor.java:196)
at org.openqa.selenium.remote.service.DriverCommandExecutor.execute(DriverCommandExecutor.java:171)
at org.openqa.selenium.remote.RemoteWebDriver.execute(RemoteWebDriver.java:602)
at org.openqa.selenium.remote.ElementLocation$ElementFinder$2.findElement(ElementLocation.java:165)
at org.openqa.selenium.remote.ElementLocation.findElement(ElementLocation.java:59)
at org.openqa.selenium.remote.RemoteWebDriver.findElement(RemoteWebDriver.java:359)
at org.openqa.selenium.remote.RemoteWebDriver.findElement(RemoteWebDriver.java:353)
at org.openqa.selenium.support.pagefactory.DefaultElementLocator.findElement(DefaultElementLocator.java:68)
at org.openqa.selenium.support.pagefactory.internal.LocatingElementHandler.invoke(LocatingElementHandler.java:38)
at com.sun.proxy.$Proxy21.click(Unknown Source)
at Demo.Invoify.Pages.homePage.clickOnNextButton(homePage.java:162)
at Demo.Invoify.tests.test_FormAndTo.testNextButtonFunctionality(test_FormAndTo.java:40)
at sun.reflect.NativeMethodAccessorImpl.invoke0(Native Method)
at sun.reflect.NativeMethodAccessorImpl.invoke(NativeMethodAccessorImpl.java:62)
at sun.reflect.DelegatingMethodAccessorImpl.invoke(DelegatingMethodAccessorImpl.java:43)
at java.lang.reflect.Method.invoke(Method.java:498)
at org.testng.internal.MethodInvocationHelper.invokeMethod(MethodInvocationHelper.java:124)
at org.testng.internal.Invoker.invokeMethod(Invoker.java:583)
at org.testng.internal.Invoker.invokeTestMethod(Invoker.java:719)
at org.testng.internal.Invoker.invokeTestMethods(Invoker.java:989)
at org.testng.internal.TestMethodWorker.invokeTestMethods(TestMethodWorker.java:125)
at org.testng.internal.TestMethodWorker.run(TestMethodWorker.java:109)
at org.testng.TestRunner.privateRun(TestRunner.java:648)
at org.testng.TestRunner.run(TestRunner.java:505)
at org.testng.SuiteRunner.runTest(SuiteRunner.java:455)
at org.testng.SuiteRunner.runSequentially(SuiteRunner.java:450)
at org.testng.SuiteRunner.privateRun(SuiteRunner.java:415)
at org.testng.SuiteRunner.run(SuiteRunner.java:364)
at org.testng.SuiteRunnerWorker.runSuite(SuiteRunnerWorker.java:52)
at org.testng.SuiteRunnerWorker.run(SuiteRunnerWorker.java:84)
at org.testng.TestNG.runSuitesSequentially(TestNG.java:1208)
at org.testng.TestNG.runSuitesLocally(TestNG.java:1137)
at org.testng.TestNG.runSuites(TestNG.java:1049)
at org.testng.TestNG.run(TestNG.java:1017)
at org.testng.remote.AbstractRemoteTestNG.run(AbstractRemoteTestNG.java:115)
at org.testng.remote.RemoteTestNG.initAndRun(RemoteTestNG.java:251)
at org.testng.remote.RemoteTestNG.main(RemoteTestNG.java:77)
]]>
            </full-stacktrace>
          </exception> <!-- org.openqa.selenium.WebDriverException -->
          <reporter-output>
          </reporter-output>
        </test-method> <!-- testNextButtonFunctionality -->
        <test-method status="PASS" signature="quitDriver()[pri:0, instance:Demo.Invoify.tests.test_FormAndTo@7a52f2a2]" name="quitDriver" is-config="true" duration-ms="269" started-at="2025-01-08T06:50:06Z" finished-at="2025-01-08T06:50:07Z">
          <reporter-output>
          </reporter-output>
        </test-method> <!-- quitDriver -->
        <test-method status="PASS" signature="endTest()[pri:0, instance:Demo.Invoify.tests.test_FormAndTo@7a52f2a2]" name="endTest" is-config="true" duration-ms="948" started-at="2025-01-08T06:50:58Z" finished-at="2025-01-08T06:50:59Z">
          <reporter-output>
          </reporter-output>
        </test-method> <!-- endTest -->
      </class> <!-- Demo.Invoify.tests.test_FormAndTo -->
      <class name="Demo.Invoify.tests.test_SummaryPage">
        <test-method status="PASS" signature="initiateDriver()[pri:0, instance:Demo.Invoify.tests.test_SummaryPage@1460a8c0]" name="initiateDriver" is-config="true" duration-ms="16824" started-at="2025-01-08T06:46:34Z" finished-at="2025-01-08T06:46:51Z">
          <reporter-output>
          </reporter-output>
        </test-method> <!-- initiateDriver -->
        <test-method status="PASS" signature="setMethod(java.lang.reflect.Method)[pri:0, instance:Demo.Invoify.tests.test_SummaryPage@1460a8c0]" name="setMethod" is-config="true" duration-ms="4" started-at="2025-01-08T06:46:51Z" finished-at="2025-01-08T06:46:51Z">
          <params>
            <param index="0">
              <value>
                <![CDATA[public void Demo.Invoify.tests.test_SummaryPage.testToggleButtonEnabling() throws java.io.IOException]]>
              </value>
            </param>
          </params>
          <reporter-output>
          </reporter-output>
        </test-method> <!-- setMethod -->
        <test-method status="PASS" signature="testToggleButtonEnabling()[pri:1, instance:Demo.Invoify.tests.test_SummaryPage@1460a8c0]" name="testToggleButtonEnabling" duration-ms="39152" started-at="2025-01-08T06:46:51Z" finished-at="2025-01-08T06:47:30Z">
          <reporter-output>
          </reporter-output>
        </test-method> <!-- testToggleButtonEnabling -->
        <test-method status="PASS" signature="setMethod(java.lang.reflect.Method)[pri:0, instance:Demo.Invoify.tests.test_SummaryPage@1460a8c0]" name="setMethod" is-config="true" duration-ms="3" started-at="2025-01-08T06:49:26Z" finished-at="2025-01-08T06:49:26Z">
          <params>
            <param index="0">
              <value>
                <![CDATA[public void Demo.Invoify.tests.test_SummaryPage.testPercentageChange() throws java.io.IOException]]>
              </value>
            </param>
          </params>
          <reporter-output>
          </reporter-output>
        </test-method> <!-- setMethod -->
        <test-method status="FAIL" signature="testPercentageChange()[pri:2, instance:Demo.Invoify.tests.test_SummaryPage@1460a8c0]" name="testPercentageChange" duration-ms="130" started-at="2025-01-08T06:49:26Z" finished-at="2025-01-08T06:49:26Z">
          <exception class="org.openqa.selenium.WebDriverException">
            <message>
              <![CDATA[disconnected: not connected to DevTools
  (failed to check if window was closed: disconnected: not connected to DevTools)
  (Session info: chrome=131.0.6778.205)
Build info: version: '4.13.0', revision: 'ba948ece5b*'
System info: os.name: 'Mac OS X', os.arch: 'x86_64', os.version: '10.16', java.version: '1.8.0_202'
Driver info: org.openqa.selenium.chrome.ChromeDriver
Command: [7d2967d9499665b782d1be85dfffd86c, findElement {using=xpath, value=//label[text()='Discount']/parent::div//button}]
Capabilities {acceptInsecureCerts: false, browserName: chrome, browserVersion: 131.0.6778.205, chrome: {chromedriverVersion: 131.0.6778.264 (2d05e315153..., userDataDir: /var/folders/zr/v2p23ft14w9...}, fedcm:accounts: true, goog:chromeOptions: {debuggerAddress: localhost:54033}, networkConnectionEnabled: false, pageLoadStrategy: normal, platformName: mac, proxy: Proxy(), se:cdp: ws://localhost:54033/devtoo..., se:cdpVersion: 131.0.6778.205, setWindowRect: true, strictFileInteractability: false, timeouts: {implicit: 0, pageLoad: 300000, script: 30000}, unhandledPromptBehavior: dismiss and notify, webauthn:extension:credBlob: true, webauthn:extension:largeBlob: true, webauthn:extension:minPinLength: true, webauthn:extension:prf: true, webauthn:virtualAuthenticators: true}
Session ID: 7d2967d9499665b782d1be85dfffd86c]]>
            </message>
            <full-stacktrace>
              <![CDATA[org.openqa.selenium.WebDriverException: disconnected: not connected to DevTools
  (failed to check if window was closed: disconnected: not connected to DevTools)
  (Session info: chrome=131.0.6778.205)
Build info: version: '4.13.0', revision: 'ba948ece5b*'
System info: os.name: 'Mac OS X', os.arch: 'x86_64', os.version: '10.16', java.version: '1.8.0_202'
Driver info: org.openqa.selenium.chrome.ChromeDriver
Command: [7d2967d9499665b782d1be85dfffd86c, findElement {using=xpath, value=//label[text()='Discount']/parent::div//button}]
Capabilities {acceptInsecureCerts: false, browserName: chrome, browserVersion: 131.0.6778.205, chrome: {chromedriverVersion: 131.0.6778.264 (2d05e315153..., userDataDir: /var/folders/zr/v2p23ft14w9...}, fedcm:accounts: true, goog:chromeOptions: {debuggerAddress: localhost:54033}, networkConnectionEnabled: false, pageLoadStrategy: normal, platformName: mac, proxy: Proxy(), se:cdp: ws://localhost:54033/devtoo..., se:cdpVersion: 131.0.6778.205, setWindowRect: true, strictFileInteractability: false, timeouts: {implicit: 0, pageLoad: 300000, script: 30000}, unhandledPromptBehavior: dismiss and notify, webauthn:extension:credBlob: true, webauthn:extension:largeBlob: true, webauthn:extension:minPinLength: true, webauthn:extension:prf: true, webauthn:virtualAuthenticators: true}
Session ID: 7d2967d9499665b782d1be85dfffd86c
at sun.reflect.NativeConstructorAccessorImpl.newInstance0(Native Method)
at sun.reflect.NativeConstructorAccessorImpl.newInstance(NativeConstructorAccessorImpl.java:62)
at sun.reflect.DelegatingConstructorAccessorImpl.newInstance(DelegatingConstructorAccessorImpl.java:45)
at java.lang.reflect.Constructor.newInstance(Constructor.java:423)
at org.openqa.selenium.remote.codec.w3c.W3CHttpResponseCodec.createException(W3CHttpResponseCodec.java:200)
at org.openqa.selenium.remote.codec.w3c.W3CHttpResponseCodec.decode(W3CHttpResponseCodec.java:133)
at org.openqa.selenium.remote.codec.w3c.W3CHttpResponseCodec.decode(W3CHttpResponseCodec.java:52)
at org.openqa.selenium.remote.HttpCommandExecutor.execute(HttpCommandExecutor.java:191)
at org.openqa.selenium.remote.service.DriverCommandExecutor.invokeExecute(DriverCommandExecutor.java:196)
at org.openqa.selenium.remote.service.DriverCommandExecutor.execute(DriverCommandExecutor.java:171)
at org.openqa.selenium.remote.RemoteWebDriver.execute(RemoteWebDriver.java:602)
at org.openqa.selenium.remote.ElementLocation$ElementFinder$2.findElement(ElementLocation.java:165)
at org.openqa.selenium.remote.ElementLocation.findElement(ElementLocation.java:59)
at org.openqa.selenium.remote.RemoteWebDriver.findElement(RemoteWebDriver.java:359)
at org.openqa.selenium.remote.RemoteWebDriver.findElement(RemoteWebDriver.java:353)
at org.openqa.selenium.support.pagefactory.DefaultElementLocator.findElement(DefaultElementLocator.java:68)
at org.openqa.selenium.support.pagefactory.internal.LocatingElementHandler.invoke(LocatingElementHandler.java:38)
at com.sun.proxy.$Proxy21.click(Unknown Source)
at Demo.Invoify.Pages.summaryPage.enableToggle(summaryPage.java:98)
at Demo.Invoify.tests.test_SummaryPage.testPercentageChange(test_SummaryPage.java:44)
at sun.reflect.NativeMethodAccessorImpl.invoke0(Native Method)
at sun.reflect.NativeMethodAccessorImpl.invoke(NativeMethodAccessorImpl.java:62)
at sun.reflect.DelegatingMethodAccessorImpl.invoke(DelegatingMethodAccessorImpl.java:43)
at java.lang.reflect.Method.invoke(Method.java:498)
at org.testng.internal.MethodInvocationHelper.invokeMethod(MethodInvocationHelper.java:124)
at org.testng.internal.Invoker.invokeMethod(Invoker.java:583)
at org.testng.internal.Invoker.invokeTestMethod(Invoker.java:719)
at org.testng.internal.Invoker.invokeTestMethods(Invoker.java:989)
at org.testng.internal.TestMethodWorker.invokeTestMethods(TestMethodWorker.java:125)
at org.testng.internal.TestMethodWorker.run(TestMethodWorker.java:109)
at org.testng.TestRunner.privateRun(TestRunner.java:648)
at org.testng.TestRunner.run(TestRunner.java:505)
at org.testng.SuiteRunner.runTest(SuiteRunner.java:455)
at org.testng.SuiteRunner.runSequentially(SuiteRunner.java:450)
at org.testng.SuiteRunner.privateRun(SuiteRunner.java:415)
at org.testng.SuiteRunner.run(SuiteRunner.java:364)
at org.testng.SuiteRunnerWorker.runSuite(SuiteRunnerWorker.java:52)
at org.testng.SuiteRunnerWorker.run(SuiteRunnerWorker.java:84)
at org.testng.TestNG.runSuitesSequentially(TestNG.java:1208)
at org.testng.TestNG.runSuitesLocally(TestNG.java:1137)
at org.testng.TestNG.runSuites(TestNG.java:1049)
at org.testng.TestNG.run(TestNG.java:1017)
at org.testng.remote.AbstractRemoteTestNG.run(AbstractRemoteTestNG.java:115)
at org.testng.remote.RemoteTestNG.initAndRun(RemoteTestNG.java:251)
at org.testng.remote.RemoteTestNG.main(RemoteTestNG.java:77)
]]>
            </full-stacktrace>
          </exception> <!-- org.openqa.selenium.WebDriverException -->
          <reporter-output>
          </reporter-output>
        </test-method> <!-- testPercentageChange -->
        <test-method status="PASS" signature="setMethod(java.lang.reflect.Method)[pri:0, instance:Demo.Invoify.tests.test_SummaryPage@1460a8c0]" name="setMethod" is-config="true" duration-ms="3" started-at="2025-01-08T06:50:07Z" finished-at="2025-01-08T06:50:07Z">
          <params>
            <param index="0">
              <value>
                <![CDATA[public void Demo.Invoify.tests.test_SummaryPage.testSignatureUpload() throws java.io.IOException]]>
              </value>
            </param>
          </params>
          <reporter-output>
          </reporter-output>
        </test-method> <!-- setMethod -->
        <test-method status="FAIL" signature="testSignatureUpload()[pri:3, instance:Demo.Invoify.tests.test_SummaryPage@1460a8c0]" name="testSignatureUpload" duration-ms="44" started-at="2025-01-08T06:50:07Z" finished-at="2025-01-08T06:50:07Z">
          <exception class="org.openqa.selenium.WebDriverException">
            <message>
              <![CDATA[disconnected: not connected to DevTools
  (failed to check if window was closed: disconnected: not connected to DevTools)
  (Session info: chrome=131.0.6778.205)
Build info: version: '4.13.0', revision: 'ba948ece5b*'
System info: os.name: 'Mac OS X', os.arch: 'x86_64', os.version: '10.16', java.version: '1.8.0_202'
Driver info: org.openqa.selenium.chrome.ChromeDriver
Command: [7d2967d9499665b782d1be85dfffd86c, findElement {using=xpath, value=//label[text()='Click to add signature']/parent::div}]
Capabilities {acceptInsecureCerts: false, browserName: chrome, browserVersion: 131.0.6778.205, chrome: {chromedriverVersion: 131.0.6778.264 (2d05e315153..., userDataDir: /var/folders/zr/v2p23ft14w9...}, fedcm:accounts: true, goog:chromeOptions: {debuggerAddress: localhost:54033}, networkConnectionEnabled: false, pageLoadStrategy: normal, platformName: mac, proxy: Proxy(), se:cdp: ws://localhost:54033/devtoo..., se:cdpVersion: 131.0.6778.205, setWindowRect: true, strictFileInteractability: false, timeouts: {implicit: 0, pageLoad: 300000, script: 30000}, unhandledPromptBehavior: dismiss and notify, webauthn:extension:credBlob: true, webauthn:extension:largeBlob: true, webauthn:extension:minPinLength: true, webauthn:extension:prf: true, webauthn:virtualAuthenticators: true}
Session ID: 7d2967d9499665b782d1be85dfffd86c]]>
            </message>
            <full-stacktrace>
              <![CDATA[org.openqa.selenium.WebDriverException: disconnected: not connected to DevTools
  (failed to check if window was closed: disconnected: not connected to DevTools)
  (Session info: chrome=131.0.6778.205)
Build info: version: '4.13.0', revision: 'ba948ece5b*'
System info: os.name: 'Mac OS X', os.arch: 'x86_64', os.version: '10.16', java.version: '1.8.0_202'
Driver info: org.openqa.selenium.chrome.ChromeDriver
Command: [7d2967d9499665b782d1be85dfffd86c, findElement {using=xpath, value=//label[text()='Click to add signature']/parent::div}]
Capabilities {acceptInsecureCerts: false, browserName: chrome, browserVersion: 131.0.6778.205, chrome: {chromedriverVersion: 131.0.6778.264 (2d05e315153..., userDataDir: /var/folders/zr/v2p23ft14w9...}, fedcm:accounts: true, goog:chromeOptions: {debuggerAddress: localhost:54033}, networkConnectionEnabled: false, pageLoadStrategy: normal, platformName: mac, proxy: Proxy(), se:cdp: ws://localhost:54033/devtoo..., se:cdpVersion: 131.0.6778.205, setWindowRect: true, strictFileInteractability: false, timeouts: {implicit: 0, pageLoad: 300000, script: 30000}, unhandledPromptBehavior: dismiss and notify, webauthn:extension:credBlob: true, webauthn:extension:largeBlob: true, webauthn:extension:minPinLength: true, webauthn:extension:prf: true, webauthn:virtualAuthenticators: true}
Session ID: 7d2967d9499665b782d1be85dfffd86c
at sun.reflect.NativeConstructorAccessorImpl.newInstance0(Native Method)
at sun.reflect.NativeConstructorAccessorImpl.newInstance(NativeConstructorAccessorImpl.java:62)
at sun.reflect.DelegatingConstructorAccessorImpl.newInstance(DelegatingConstructorAccessorImpl.java:45)
at java.lang.reflect.Constructor.newInstance(Constructor.java:423)
at org.openqa.selenium.remote.codec.w3c.W3CHttpResponseCodec.createException(W3CHttpResponseCodec.java:200)
at org.openqa.selenium.remote.codec.w3c.W3CHttpResponseCodec.decode(W3CHttpResponseCodec.java:133)
at org.openqa.selenium.remote.codec.w3c.W3CHttpResponseCodec.decode(W3CHttpResponseCodec.java:52)
at org.openqa.selenium.remote.HttpCommandExecutor.execute(HttpCommandExecutor.java:191)
at org.openqa.selenium.remote.service.DriverCommandExecutor.invokeExecute(DriverCommandExecutor.java:196)
at org.openqa.selenium.remote.service.DriverCommandExecutor.execute(DriverCommandExecutor.java:171)
at org.openqa.selenium.remote.RemoteWebDriver.execute(RemoteWebDriver.java:602)
at org.openqa.selenium.remote.ElementLocation$ElementFinder$2.findElement(ElementLocation.java:165)
at org.openqa.selenium.remote.ElementLocation.findElement(ElementLocation.java:59)
at org.openqa.selenium.remote.RemoteWebDriver.findElement(RemoteWebDriver.java:359)
at org.openqa.selenium.remote.RemoteWebDriver.findElement(RemoteWebDriver.java:353)
at org.openqa.selenium.support.pagefactory.DefaultElementLocator.findElement(DefaultElementLocator.java:68)
at org.openqa.selenium.support.pagefactory.internal.LocatingElementHandler.invoke(LocatingElementHandler.java:38)
at com.sun.proxy.$Proxy21.click(Unknown Source)
at Demo.Invoify.Pages.summaryPage.uploadSignature(summaryPage.java:176)
at Demo.Invoify.tests.test_SummaryPage.testSignatureUpload(test_SummaryPage.java:55)
at sun.reflect.NativeMethodAccessorImpl.invoke0(Native Method)
at sun.reflect.NativeMethodAccessorImpl.invoke(NativeMethodAccessorImpl.java:62)
at sun.reflect.DelegatingMethodAccessorImpl.invoke(DelegatingMethodAccessorImpl.java:43)
at java.lang.reflect.Method.invoke(Method.java:498)
at org.testng.internal.MethodInvocationHelper.invokeMethod(MethodInvocationHelper.java:124)
at org.testng.internal.Invoker.invokeMethod(Invoker.java:583)
at org.testng.internal.Invoker.invokeTestMethod(Invoker.java:719)
at org.testng.internal.Invoker.invokeTestMethods(Invoker.java:989)
at org.testng.internal.TestMethodWorker.invokeTestMethods(TestMethodWorker.java:125)
at org.testng.internal.TestMethodWorker.run(TestMethodWorker.java:109)
at org.testng.TestRunner.privateRun(TestRunner.java:648)
at org.testng.TestRunner.run(TestRunner.java:505)
at org.testng.SuiteRunner.runTest(SuiteRunner.java:455)
at org.testng.SuiteRunner.runSequentially(SuiteRunner.java:450)
at org.testng.SuiteRunner.privateRun(SuiteRunner.java:415)
at org.testng.SuiteRunner.run(SuiteRunner.java:364)
at org.testng.SuiteRunnerWorker.runSuite(SuiteRunnerWorker.java:52)
at org.testng.SuiteRunnerWorker.run(SuiteRunnerWorker.java:84)
at org.testng.TestNG.runSuitesSequentially(TestNG.java:1208)
at org.testng.TestNG.runSuitesLocally(TestNG.java:1137)
at org.testng.TestNG.runSuites(TestNG.java:1049)
at org.testng.TestNG.run(TestNG.java:1017)
at org.testng.remote.AbstractRemoteTestNG.run(AbstractRemoteTestNG.java:115)
at org.testng.remote.RemoteTestNG.initAndRun(RemoteTestNG.java:251)
at org.testng.remote.RemoteTestNG.main(RemoteTestNG.java:77)
]]>
            </full-stacktrace>
          </exception> <!-- org.openqa.selenium.WebDriverException -->
          <reporter-output>
          </reporter-output>
        </test-method> <!-- testSignatureUpload -->
        <test-method status="PASS" signature="quitDriver()[pri:0, instance:Demo.Invoify.tests.test_SummaryPage@1460a8c0]" name="quitDriver" is-config="true" duration-ms="170" started-at="2025-01-08T06:50:07Z" finished-at="2025-01-08T06:50:07Z">
          <reporter-output>
          </reporter-output>
        </test-method> <!-- quitDriver -->
      </class> <!-- Demo.Invoify.tests.test_SummaryPage -->
      <class name="Demo.Invoify.tests.test_InvoiceDetail">
        <test-method status="PASS" signature="initiateDriver()[pri:0, instance:Demo.Invoify.tests.test_InvoiceDetail@78047b92]" name="initiateDriver" is-config="true" duration-ms="21650" started-at="2025-01-08T06:43:14Z" finished-at="2025-01-08T06:43:36Z">
          <reporter-output>
          </reporter-output>
        </test-method> <!-- initiateDriver -->
        <test-method status="PASS" signature="setMethod(java.lang.reflect.Method)[pri:0, instance:Demo.Invoify.tests.test_InvoiceDetail@78047b92]" name="setMethod" is-config="true" duration-ms="7" started-at="2025-01-08T06:43:36Z" finished-at="2025-01-08T06:43:36Z">
          <params>
            <param index="0">
              <value>
                <![CDATA[public void Demo.Invoify.tests.test_InvoiceDetail.testLogoIsDisplayedInPreview() throws java.io.IOException]]>
              </value>
            </param>
          </params>
          <reporter-output>
          </reporter-output>
        </test-method> <!-- setMethod -->
        <test-method status="PASS" signature="testLogoIsDisplayedInPreview()[pri:1, instance:Demo.Invoify.tests.test_InvoiceDetail@78047b92]" name="testLogoIsDisplayedInPreview" duration-ms="51645" started-at="2025-01-08T06:43:36Z" finished-at="2025-01-08T06:44:27Z">
          <reporter-output>
          </reporter-output>
        </test-method> <!-- testLogoIsDisplayedInPreview -->
        <test-method status="PASS" signature="setMethod(java.lang.reflect.Method)[pri:0, instance:Demo.Invoify.tests.test_InvoiceDetail@78047b92]" name="setMethod" is-config="true" duration-ms="2" started-at="2025-01-08T06:49:25Z" finished-at="2025-01-08T06:49:25Z">
          <params>
            <param index="0">
              <value>
                <![CDATA[public void Demo.Invoify.tests.test_InvoiceDetail.testAmountCurrencyChangesCorrectly() throws java.io.IOException]]>
              </value>
            </param>
          </params>
          <reporter-output>
          </reporter-output>
        </test-method> <!-- setMethod -->
        <test-method status="FAIL" signature="testAmountCurrencyChangesCorrectly()[pri:2, instance:Demo.Invoify.tests.test_InvoiceDetail@78047b92]" name="testAmountCurrencyChangesCorrectly" duration-ms="156" started-at="2025-01-08T06:49:25Z" finished-at="2025-01-08T06:49:25Z">
          <exception class="org.openqa.selenium.WebDriverException">
            <message>
              <![CDATA[disconnected: not connected to DevTools
  (failed to check if window was closed: disconnected: not connected to DevTools)
  (Session info: chrome=131.0.6778.205)
Build info: version: '4.13.0', revision: 'ba948ece5b*'
System info: os.name: 'Mac OS X', os.arch: 'x86_64', os.version: '10.16', java.version: '1.8.0_202'
Driver info: org.openqa.selenium.chrome.ChromeDriver
Command: [945f8bfa5ed9f1818b81e1c7d1b039f3, findElement {using=css selector, value=select[name='details.currency']}]
Capabilities {acceptInsecureCerts: false, browserName: chrome, browserVersion: 131.0.6778.205, chrome: {chromedriverVersion: 131.0.6778.264 (2d05e315153..., userDataDir: /var/folders/zr/v2p23ft14w9...}, fedcm:accounts: true, goog:chromeOptions: {debuggerAddress: localhost:53862}, networkConnectionEnabled: false, pageLoadStrategy: normal, platformName: mac, proxy: Proxy(), se:cdp: ws://localhost:53862/devtoo..., se:cdpVersion: 131.0.6778.205, setWindowRect: true, strictFileInteractability: false, timeouts: {implicit: 0, pageLoad: 300000, script: 30000}, unhandledPromptBehavior: dismiss and notify, webauthn:extension:credBlob: true, webauthn:extension:largeBlob: true, webauthn:extension:minPinLength: true, webauthn:extension:prf: true, webauthn:virtualAuthenticators: true}
Session ID: 945f8bfa5ed9f1818b81e1c7d1b039f3]]>
            </message>
            <full-stacktrace>
              <![CDATA[org.openqa.selenium.WebDriverException: disconnected: not connected to DevTools
  (failed to check if window was closed: disconnected: not connected to DevTools)
  (Session info: chrome=131.0.6778.205)
Build info: version: '4.13.0', revision: 'ba948ece5b*'
System info: os.name: 'Mac OS X', os.arch: 'x86_64', os.version: '10.16', java.version: '1.8.0_202'
Driver info: org.openqa.selenium.chrome.ChromeDriver
Command: [945f8bfa5ed9f1818b81e1c7d1b039f3, findElement {using=css selector, value=select[name='details.currency']}]
Capabilities {acceptInsecureCerts: false, browserName: chrome, browserVersion: 131.0.6778.205, chrome: {chromedriverVersion: 131.0.6778.264 (2d05e315153..., userDataDir: /var/folders/zr/v2p23ft14w9...}, fedcm:accounts: true, goog:chromeOptions: {debuggerAddress: localhost:53862}, networkConnectionEnabled: false, pageLoadStrategy: normal, platformName: mac, proxy: Proxy(), se:cdp: ws://localhost:53862/devtoo..., se:cdpVersion: 131.0.6778.205, setWindowRect: true, strictFileInteractability: false, timeouts: {implicit: 0, pageLoad: 300000, script: 30000}, unhandledPromptBehavior: dismiss and notify, webauthn:extension:credBlob: true, webauthn:extension:largeBlob: true, webauthn:extension:minPinLength: true, webauthn:extension:prf: true, webauthn:virtualAuthenticators: true}
Session ID: 945f8bfa5ed9f1818b81e1c7d1b039f3
at sun.reflect.NativeConstructorAccessorImpl.newInstance0(Native Method)
at sun.reflect.NativeConstructorAccessorImpl.newInstance(NativeConstructorAccessorImpl.java:62)
at sun.reflect.DelegatingConstructorAccessorImpl.newInstance(DelegatingConstructorAccessorImpl.java:45)
at java.lang.reflect.Constructor.newInstance(Constructor.java:423)
at org.openqa.selenium.remote.codec.w3c.W3CHttpResponseCodec.createException(W3CHttpResponseCodec.java:200)
at org.openqa.selenium.remote.codec.w3c.W3CHttpResponseCodec.decode(W3CHttpResponseCodec.java:133)
at org.openqa.selenium.remote.codec.w3c.W3CHttpResponseCodec.decode(W3CHttpResponseCodec.java:52)
at org.openqa.selenium.remote.HttpCommandExecutor.execute(HttpCommandExecutor.java:191)
at org.openqa.selenium.remote.service.DriverCommandExecutor.invokeExecute(DriverCommandExecutor.java:196)
at org.openqa.selenium.remote.service.DriverCommandExecutor.execute(DriverCommandExecutor.java:171)
at org.openqa.selenium.remote.RemoteWebDriver.execute(RemoteWebDriver.java:602)
at org.openqa.selenium.remote.ElementLocation$ElementFinder$2.findElement(ElementLocation.java:165)
at org.openqa.selenium.remote.ElementLocation.findElement(ElementLocation.java:59)
at org.openqa.selenium.remote.RemoteWebDriver.findElement(RemoteWebDriver.java:359)
at org.openqa.selenium.remote.RemoteWebDriver.findElement(RemoteWebDriver.java:353)
at org.openqa.selenium.support.pagefactory.DefaultElementLocator.findElement(DefaultElementLocator.java:68)
at org.openqa.selenium.support.pagefactory.internal.LocatingElementHandler.invoke(LocatingElementHandler.java:38)
at com.sun.proxy.$Proxy21.getTagName(Unknown Source)
at org.openqa.selenium.support.ui.Select.<init>(Select.java:43)
at Demo.Invoify.Pages.invoiceDetails.selectCurrency(invoiceDetails.java:63)
at Demo.Invoify.tests.test_InvoiceDetail.testAmountCurrencyChangesCorrectly(test_InvoiceDetail.java:40)
at sun.reflect.NativeMethodAccessorImpl.invoke0(Native Method)
at sun.reflect.NativeMethodAccessorImpl.invoke(NativeMethodAccessorImpl.java:62)
at sun.reflect.DelegatingMethodAccessorImpl.invoke(DelegatingMethodAccessorImpl.java:43)
at java.lang.reflect.Method.invoke(Method.java:498)
at org.testng.internal.MethodInvocationHelper.invokeMethod(MethodInvocationHelper.java:124)
at org.testng.internal.Invoker.invokeMethod(Invoker.java:583)
at org.testng.internal.Invoker.invokeTestMethod(Invoker.java:719)
at org.testng.internal.Invoker.invokeTestMethods(Invoker.java:989)
at org.testng.internal.TestMethodWorker.invokeTestMethods(TestMethodWorker.java:125)
at org.testng.internal.TestMethodWorker.run(TestMethodWorker.java:109)
at org.testng.TestRunner.privateRun(TestRunner.java:648)
at org.testng.TestRunner.run(TestRunner.java:505)
at org.testng.SuiteRunner.runTest(SuiteRunner.java:455)
at org.testng.SuiteRunner.runSequentially(SuiteRunner.java:450)
at org.testng.SuiteRunner.privateRun(SuiteRunner.java:415)
at org.testng.SuiteRunner.run(SuiteRunner.java:364)
at org.testng.SuiteRunnerWorker.runSuite(SuiteRunnerWorker.java:52)
at org.testng.SuiteRunnerWorker.run(SuiteRunnerWorker.java:84)
at org.testng.TestNG.runSuitesSequentially(TestNG.java:1208)
at org.testng.TestNG.runSuitesLocally(TestNG.java:1137)
at org.testng.TestNG.runSuites(TestNG.java:1049)
at org.testng.TestNG.run(TestNG.java:1017)
at org.testng.remote.AbstractRemoteTestNG.run(AbstractRemoteTestNG.java:115)
at org.testng.remote.RemoteTestNG.initAndRun(RemoteTestNG.java:251)
at org.testng.remote.RemoteTestNG.main(RemoteTestNG.java:77)
]]>
            </full-stacktrace>
          </exception> <!-- org.openqa.selenium.WebDriverException -->
          <reporter-output>
          </reporter-output>
        </test-method> <!-- testAmountCurrencyChangesCorrectly -->
        <test-method status="PASS" signature="quitDriver()[pri:0, instance:Demo.Invoify.tests.test_InvoiceDetail@78047b92]" name="quitDriver" is-config="true" duration-ms="355" started-at="2025-01-08T06:49:25Z" finished-at="2025-01-08T06:49:26Z">
          <reporter-output>
          </reporter-output>
        </test-method> <!-- quitDriver -->
      </class> <!-- Demo.Invoify.tests.test_InvoiceDetail -->
      <class name="Demo.Invoify.tests.test_PreviewPage">
        <test-method status="PASS" signature="initiateDriver()[pri:0, instance:Demo.Invoify.tests.test_PreviewPage@4f638935]" name="initiateDriver" is-config="true" duration-ms="26518" started-at="2025-01-08T06:47:30Z" finished-at="2025-01-08T06:47:57Z">
          <reporter-output>
          </reporter-output>
        </test-method> <!-- initiateDriver -->
        <test-method status="PASS" signature="setMethod(java.lang.reflect.Method)[pri:0, instance:Demo.Invoify.tests.test_PreviewPage@4f638935]" name="setMethod" is-config="true" duration-ms="6" started-at="2025-01-08T06:47:57Z" finished-at="2025-01-08T06:47:57Z">
          <params>
            <param index="0">
              <value>
                <![CDATA[public void Demo.Invoify.tests.test_PreviewPage.testInvoiceSaving() throws java.io.IOException]]>
              </value>
            </param>
          </params>
          <reporter-output>
          </reporter-output>
        </test-method> <!-- setMethod -->
        <test-method status="PASS" signature="testInvoiceSaving()[pri:1, instance:Demo.Invoify.tests.test_PreviewPage@4f638935]" name="testInvoiceSaving" duration-ms="88146" started-at="2025-01-08T06:47:57Z" finished-at="2025-01-08T06:49:25Z">
          <reporter-output>
          </reporter-output>
        </test-method> <!-- testInvoiceSaving -->
        <test-method status="PASS" signature="setMethod(java.lang.reflect.Method)[pri:0, instance:Demo.Invoify.tests.test_PreviewPage@4f638935]" name="setMethod" is-config="true" duration-ms="5" started-at="2025-01-08T06:49:26Z" finished-at="2025-01-08T06:49:26Z">
          <params>
            <param index="0">
              <value>
                <![CDATA[public void Demo.Invoify.tests.test_PreviewPage.testGeneratingNewInvoice() throws java.io.IOException]]>
              </value>
            </param>
          </params>
          <reporter-output>
          </reporter-output>
        </test-method> <!-- setMethod -->
        <test-method status="PASS" signature="testGeneratingNewInvoice()[pri:2, instance:Demo.Invoify.tests.test_PreviewPage@4f638935]" name="testGeneratingNewInvoice" duration-ms="39729" started-at="2025-01-08T06:49:26Z" finished-at="2025-01-08T06:50:06Z">
          <reporter-output>
          </reporter-output>
        </test-method> <!-- testGeneratingNewInvoice -->
        <test-method status="PASS" signature="setMethod(java.lang.reflect.Method)[pri:0, instance:Demo.Invoify.tests.test_PreviewPage@4f638935]" name="setMethod" is-config="true" duration-ms="6" started-at="2025-01-08T06:50:07Z" finished-at="2025-01-08T06:50:07Z">
          <params>
            <param index="0">
              <value>
                <![CDATA[public void Demo.Invoify.tests.test_PreviewPage.testLoadingInvoiceFromDevice() throws java.io.IOException]]>
              </value>
            </param>
          </params>
          <reporter-output>
          </reporter-output>
        </test-method> <!-- setMethod -->
        <test-method status="PASS" signature="testLoadingInvoiceFromDevice()[pri:3, instance:Demo.Invoify.tests.test_PreviewPage@4f638935]" name="testLoadingInvoiceFromDevice" duration-ms="11708" started-at="2025-01-08T06:50:07Z" finished-at="2025-01-08T06:50:18Z">
          <reporter-output>
          </reporter-output>
        </test-method> <!-- testLoadingInvoiceFromDevice -->
        <test-method status="PASS" signature="setMethod(java.lang.reflect.Method)[pri:0, instance:Demo.Invoify.tests.test_PreviewPage@4f638935]" name="setMethod" is-config="true" duration-ms="3" started-at="2025-01-08T06:50:19Z" finished-at="2025-01-08T06:50:19Z">
          <params>
            <param index="0">
              <value>
                <![CDATA[public void Demo.Invoify.tests.test_PreviewPage.testSendingGeneratedPdfViaMail() throws java.io.IOException]]>
              </value>
            </param>
          </params>
          <reporter-output>
          </reporter-output>
        </test-method> <!-- setMethod -->
        <test-method status="FAIL" signature="testSendingGeneratedPdfViaMail()[pri:4, instance:Demo.Invoify.tests.test_PreviewPage@4f638935]" name="testSendingGeneratedPdfViaMail" duration-ms="38761" started-at="2025-01-08T06:50:19Z" finished-at="2025-01-08T06:50:57Z">
          <exception class="org.openqa.selenium.NoSuchElementException">
            <message>
              <![CDATA[no such element: Unable to locate element: {"method":"xpath","selector":"//div[@class='grid gap-1']/div[@class='text-sm font-semibold']"}
  (Session info: chrome=131.0.6778.205)
For documentation on this error, please visit: https://www.selenium.dev/documentation/webdriver/troubleshooting/errors#no-such-element-exception
Build info: version: '4.13.0', revision: 'ba948ece5b*'
System info: os.name: 'Mac OS X', os.arch: 'x86_64', os.version: '10.16', java.version: '1.8.0_202'
Driver info: org.openqa.selenium.chrome.ChromeDriver
Command: [58636f60d6a05ca0ecea07df7e60423e, findElement {using=xpath, value=//div[@class='grid gap-1']/div[@class='text-sm font-semibold']}]
Capabilities {acceptInsecureCerts: false, browserName: chrome, browserVersion: 131.0.6778.205, chrome: {chromedriverVersion: 131.0.6778.264 (2d05e315153..., userDataDir: /var/folders/zr/v2p23ft14w9...}, fedcm:accounts: true, goog:chromeOptions: {debuggerAddress: localhost:54113}, networkConnectionEnabled: false, pageLoadStrategy: normal, platformName: mac, proxy: Proxy(), se:cdp: ws://localhost:54113/devtoo..., se:cdpVersion: 131.0.6778.205, setWindowRect: true, strictFileInteractability: false, timeouts: {implicit: 0, pageLoad: 300000, script: 30000}, unhandledPromptBehavior: dismiss and notify, webauthn:extension:credBlob: true, webauthn:extension:largeBlob: true, webauthn:extension:minPinLength: true, webauthn:extension:prf: true, webauthn:virtualAuthenticators: true}
Session ID: 58636f60d6a05ca0ecea07df7e60423e]]>
            </message>
            <full-stacktrace>
              <![CDATA[org.openqa.selenium.NoSuchElementException: no such element: Unable to locate element: {"method":"xpath","selector":"//div[@class='grid gap-1']/div[@class='text-sm font-semibold']"}
  (Session info: chrome=131.0.6778.205)
For documentation on this error, please visit: https://www.selenium.dev/documentation/webdriver/troubleshooting/errors#no-such-element-exception
Build info: version: '4.13.0', revision: 'ba948ece5b*'
System info: os.name: 'Mac OS X', os.arch: 'x86_64', os.version: '10.16', java.version: '1.8.0_202'
Driver info: org.openqa.selenium.chrome.ChromeDriver
Command: [58636f60d6a05ca0ecea07df7e60423e, findElement {using=xpath, value=//div[@class='grid gap-1']/div[@class='text-sm font-semibold']}]
Capabilities {acceptInsecureCerts: false, browserName: chrome, browserVersion: 131.0.6778.205, chrome: {chromedriverVersion: 131.0.6778.264 (2d05e315153..., userDataDir: /var/folders/zr/v2p23ft14w9...}, fedcm:accounts: true, goog:chromeOptions: {debuggerAddress: localhost:54113}, networkConnectionEnabled: false, pageLoadStrategy: normal, platformName: mac, proxy: Proxy(), se:cdp: ws://localhost:54113/devtoo..., se:cdpVersion: 131.0.6778.205, setWindowRect: true, strictFileInteractability: false, timeouts: {implicit: 0, pageLoad: 300000, script: 30000}, unhandledPromptBehavior: dismiss and notify, webauthn:extension:credBlob: true, webauthn:extension:largeBlob: true, webauthn:extension:minPinLength: true, webauthn:extension:prf: true, webauthn:virtualAuthenticators: true}
Session ID: 58636f60d6a05ca0ecea07df7e60423e
at sun.reflect.NativeConstructorAccessorImpl.newInstance0(Native Method)
at sun.reflect.NativeConstructorAccessorImpl.newInstance(NativeConstructorAccessorImpl.java:62)
at sun.reflect.DelegatingConstructorAccessorImpl.newInstance(DelegatingConstructorAccessorImpl.java:45)
at java.lang.reflect.Constructor.newInstance(Constructor.java:423)
at org.openqa.selenium.remote.codec.w3c.W3CHttpResponseCodec.createException(W3CHttpResponseCodec.java:200)
at org.openqa.selenium.remote.codec.w3c.W3CHttpResponseCodec.decode(W3CHttpResponseCodec.java:133)
at org.openqa.selenium.remote.codec.w3c.W3CHttpResponseCodec.decode(W3CHttpResponseCodec.java:52)
at org.openqa.selenium.remote.HttpCommandExecutor.execute(HttpCommandExecutor.java:191)
at org.openqa.selenium.remote.service.DriverCommandExecutor.invokeExecute(DriverCommandExecutor.java:196)
at org.openqa.selenium.remote.service.DriverCommandExecutor.execute(DriverCommandExecutor.java:171)
at org.openqa.selenium.remote.RemoteWebDriver.execute(RemoteWebDriver.java:602)
at org.openqa.selenium.remote.ElementLocation$ElementFinder$2.findElement(ElementLocation.java:165)
at org.openqa.selenium.remote.ElementLocation.findElement(ElementLocation.java:59)
at org.openqa.selenium.remote.RemoteWebDriver.findElement(RemoteWebDriver.java:359)
at org.openqa.selenium.remote.RemoteWebDriver.findElement(RemoteWebDriver.java:353)
at org.openqa.selenium.support.pagefactory.DefaultElementLocator.findElement(DefaultElementLocator.java:68)
at org.openqa.selenium.support.pagefactory.internal.LocatingElementHandler.invoke(LocatingElementHandler.java:38)
at com.sun.proxy.$Proxy21.isDisplayed(Unknown Source)
at org.openqa.selenium.support.ui.ExpectedConditions.elementIfVisible(ExpectedConditions.java:304)
at org.openqa.selenium.support.ui.ExpectedConditions.access$000(ExpectedConditions.java:37)
at org.openqa.selenium.support.ui.ExpectedConditions$10.apply(ExpectedConditions.java:290)
at org.openqa.selenium.support.ui.ExpectedConditions$10.apply(ExpectedConditions.java:287)
at org.openqa.selenium.support.ui.FluentWait.until(FluentWait.java:205)
at Demo.Invoify.Pages.actionAndPreviewPage.getMessage(actionAndPreviewPage.java:187)
at Demo.Invoify.tests.test_PreviewPage.testSendingGeneratedPdfViaMail(test_PreviewPage.java:59)
at sun.reflect.NativeMethodAccessorImpl.invoke0(Native Method)
at sun.reflect.NativeMethodAccessorImpl.invoke(NativeMethodAccessorImpl.java:62)
at sun.reflect.DelegatingMethodAccessorImpl.invoke(DelegatingMethodAccessorImpl.java:43)
at java.lang.reflect.Method.invoke(Method.java:498)
at org.testng.internal.MethodInvocationHelper.invokeMethod(MethodInvocationHelper.java:124)
at org.testng.internal.Invoker.invokeMethod(Invoker.java:583)
at org.testng.internal.Invoker.invokeTestMethod(Invoker.java:719)
at org.testng.internal.Invoker.invokeTestMethods(Invoker.java:989)
at org.testng.internal.TestMethodWorker.invokeTestMethods(TestMethodWorker.java:125)
at org.testng.internal.TestMethodWorker.run(TestMethodWorker.java:109)
at org.testng.TestRunner.privateRun(TestRunner.java:648)
at org.testng.TestRunner.run(TestRunner.java:505)
at org.testng.SuiteRunner.runTest(SuiteRunner.java:455)
at org.testng.SuiteRunner.runSequentially(SuiteRunner.java:450)
at org.testng.SuiteRunner.privateRun(SuiteRunner.java:415)
at org.testng.SuiteRunner.run(SuiteRunner.java:364)
at org.testng.SuiteRunnerWorker.runSuite(SuiteRunnerWorker.java:52)
at org.testng.SuiteRunnerWorker.run(SuiteRunnerWorker.java:84)
at org.testng.TestNG.runSuitesSequentially(TestNG.java:1208)
at org.testng.TestNG.runSuitesLocally(TestNG.java:1137)
at org.testng.TestNG.runSuites(TestNG.java:1049)
at org.testng.TestNG.run(TestNG.java:1017)
at org.testng.remote.AbstractRemoteTestNG.run(AbstractRemoteTestNG.java:115)
at org.testng.remote.RemoteTestNG.initAndRun(RemoteTestNG.java:251)
at org.testng.remote.RemoteTestNG.main(RemoteTestNG.java:77)
]]>
            </full-stacktrace>
          </exception> <!-- org.openqa.selenium.NoSuchElementException -->
          <reporter-output>
          </reporter-output>
        </test-method> <!-- testSendingGeneratedPdfViaMail -->
        <test-method status="PASS" signature="quitDriver()[pri:0, instance:Demo.Invoify.tests.test_PreviewPage@4f638935]" name="quitDriver" is-config="true" duration-ms="272" started-at="2025-01-08T06:50:57Z" finished-at="2025-01-08T06:50:58Z">
          <reporter-output>
          </reporter-output>
        </test-method> <!-- quitDriver -->
      </class> <!-- Demo.Invoify.tests.test_PreviewPage -->
      <class name="Demo.Invoify.tests.test_PaymentInfo">
        <test-method status="PASS" signature="initiateDriver()[pri:0, instance:Demo.Invoify.tests.test_PaymentInfo@79ca92b9]" name="initiateDriver" is-config="true" duration-ms="18117" started-at="2025-01-08T06:45:37Z" finished-at="2025-01-08T06:45:55Z">
          <reporter-output>
          </reporter-output>
        </test-method> <!-- initiateDriver -->
        <test-method status="PASS" signature="setMethod(java.lang.reflect.Method)[pri:0, instance:Demo.Invoify.tests.test_PaymentInfo@79ca92b9]" name="setMethod" is-config="true" duration-ms="5" started-at="2025-01-08T06:45:55Z" finished-at="2025-01-08T06:45:55Z">
          <params>
            <param index="0">
              <value>
                <![CDATA[public void Demo.Invoify.tests.test_PaymentInfo.testBankDetailsAreEntered() throws java.io.IOException]]>
              </value>
            </param>
          </params>
          <reporter-output>
          </reporter-output>
        </test-method> <!-- setMethod -->
        <test-method status="PASS" signature="testBankDetailsAreEntered()[pri:1, instance:Demo.Invoify.tests.test_PaymentInfo@79ca92b9]" name="testBankDetailsAreEntered" duration-ms="39418" started-at="2025-01-08T06:45:55Z" finished-at="2025-01-08T06:46:34Z">
          <reporter-output>
          </reporter-output>
        </test-method> <!-- testBankDetailsAreEntered -->
        <test-method status="PASS" signature="quitDriver()[pri:0, instance:Demo.Invoify.tests.test_PaymentInfo@79ca92b9]" name="quitDriver" is-config="true" duration-ms="228" started-at="2025-01-08T06:46:34Z" finished-at="2025-01-08T06:46:34Z">
          <reporter-output>
          </reporter-output>
        </test-method> <!-- quitDriver -->
      </class> <!-- Demo.Invoify.tests.test_PaymentInfo -->
    </test> <!-- Test -->
  </suite> <!-- Suite -->
</testng-results>
