<?xml version="1.0" encoding="UTF-8"?>
<testng-results skipped="0" failed="1" ignored="0" total="4" passed="3">
  <reporter-output>
  </reporter-output>
  <suite name="Suite" duration-ms="171787" started-at="2025-01-06T07:48:52Z" finished-at="2025-01-06T07:51:44Z">
    <groups>
    </groups>
    <test name="Test" duration-ms="171787" started-at="2025-01-06T07:48:52Z" finished-at="2025-01-06T07:51:44Z">
      <class name="Demo.Invoify.tests.test_PreviewPage">
        <test-method status="PASS" signature="startingTest()[pri:0, instance:Demo.Invoify.tests.test_PreviewPage@3bd40a57]" name="startingTest" is-config="true" duration-ms="726" started-at="2025-01-06T07:48:51Z" finished-at="2025-01-06T07:48:52Z">
          <reporter-output>
          </reporter-output>
        </test-method> <!-- startingTest -->
        <test-method status="PASS" signature="initiateDriver()[pri:0, instance:Demo.Invoify.tests.test_PreviewPage@3bd40a57]" name="initiateDriver" is-config="true" duration-ms="23131" started-at="2025-01-06T07:48:52Z" finished-at="2025-01-06T07:49:15Z">
          <reporter-output>
          </reporter-output>
        </test-method> <!-- initiateDriver -->
        <test-method status="PASS" signature="setMethod(java.lang.reflect.Method)[pri:0, instance:Demo.Invoify.tests.test_PreviewPage@3bd40a57]" name="setMethod" is-config="true" duration-ms="43" started-at="2025-01-06T07:49:15Z" finished-at="2025-01-06T07:49:15Z">
          <params>
            <param index="0">
              <value>
                <![CDATA[public void Demo.Invoify.tests.test_PreviewPage.testInvoiceSaving() throws java.io.IOException]]>
              </value>
            </param>
          </params>
          <reporter-output>
          </reporter-output>
        </test-method> <!-- setMethod -->
        <test-method status="PASS" signature="testInvoiceSaving()[pri:1, instance:Demo.Invoify.tests.test_PreviewPage@3bd40a57]" name="testInvoiceSaving" duration-ms="64964" started-at="2025-01-06T07:49:15Z" finished-at="2025-01-06T07:50:20Z">
          <reporter-output>
          </reporter-output>
        </test-method> <!-- testInvoiceSaving -->
        <test-method status="PASS" signature="setMethod(java.lang.reflect.Method)[pri:0, instance:Demo.Invoify.tests.test_PreviewPage@3bd40a57]" name="setMethod" is-config="true" duration-ms="1" started-at="2025-01-06T07:50:20Z" finished-at="2025-01-06T07:50:20Z">
          <params>
            <param index="0">
              <value>
                <![CDATA[public void Demo.Invoify.tests.test_PreviewPage.testGeneratingNewInvoice() throws java.io.IOException]]>
              </value>
            </param>
          </params>
          <reporter-output>
          </reporter-output>
        </test-method> <!-- setMethod -->
        <test-method status="FAIL" signature="testGeneratingNewInvoice()[pri:2, instance:Demo.Invoify.tests.test_PreviewPage@3bd40a57]" name="testGeneratingNewInvoice" duration-ms="45657" started-at="2025-01-06T07:50:20Z" finished-at="2025-01-06T07:51:06Z">
          <exception class="org.openqa.selenium.NoSuchElementException">
            <message>
              <![CDATA[no such element: Unable to locate element: {"method":"xpath","selector":"//div[@class='grid gap-1']/div[@class='text-sm font-semibold']"}
  (Session info: chrome=131.0.6778.205)
For documentation on this error, please visit: https://www.selenium.dev/documentation/webdriver/troubleshooting/errors#no-such-element-exception
Build info: version: '4.13.0', revision: 'ba948ece5b*'
System info: os.name: 'Mac OS X', os.arch: 'x86_64', os.version: '10.16', java.version: '1.8.0_202'
Driver info: org.openqa.selenium.chrome.ChromeDriver
Command: [0e2095c416f93ddd56b44d870dbb7655, findElement {using=xpath, value=//div[@class='grid gap-1']/div[@class='text-sm font-semibold']}]
Capabilities {acceptInsecureCerts: false, browserName: chrome, browserVersion: 131.0.6778.205, chrome: {chromedriverVersion: 131.0.6778.204 (52183f9e99a..., userDataDir: /var/folders/zr/v2p23ft14w9...}, fedcm:accounts: true, goog:chromeOptions: {debuggerAddress: localhost:51813}, networkConnectionEnabled: false, pageLoadStrategy: normal, platformName: mac, proxy: Proxy(), se:cdp: ws://localhost:51813/devtoo..., se:cdpVersion: 131.0.6778.205, setWindowRect: true, strictFileInteractability: false, timeouts: {implicit: 0, pageLoad: 300000, script: 30000}, unhandledPromptBehavior: dismiss and notify, webauthn:extension:credBlob: true, webauthn:extension:largeBlob: true, webauthn:extension:minPinLength: true, webauthn:extension:prf: true, webauthn:virtualAuthenticators: true}
Session ID: 0e2095c416f93ddd56b44d870dbb7655]]>
            </message>
            <full-stacktrace>
              <![CDATA[org.openqa.selenium.NoSuchElementException: no such element: Unable to locate element: {"method":"xpath","selector":"//div[@class='grid gap-1']/div[@class='text-sm font-semibold']"}
  (Session info: chrome=131.0.6778.205)
For documentation on this error, please visit: https://www.selenium.dev/documentation/webdriver/troubleshooting/errors#no-such-element-exception
Build info: version: '4.13.0', revision: 'ba948ece5b*'
System info: os.name: 'Mac OS X', os.arch: 'x86_64', os.version: '10.16', java.version: '1.8.0_202'
Driver info: org.openqa.selenium.chrome.ChromeDriver
Command: [0e2095c416f93ddd56b44d870dbb7655, findElement {using=xpath, value=//div[@class='grid gap-1']/div[@class='text-sm font-semibold']}]
Capabilities {acceptInsecureCerts: false, browserName: chrome, browserVersion: 131.0.6778.205, chrome: {chromedriverVersion: 131.0.6778.204 (52183f9e99a..., userDataDir: /var/folders/zr/v2p23ft14w9...}, fedcm:accounts: true, goog:chromeOptions: {debuggerAddress: localhost:51813}, networkConnectionEnabled: false, pageLoadStrategy: normal, platformName: mac, proxy: Proxy(), se:cdp: ws://localhost:51813/devtoo..., se:cdpVersion: 131.0.6778.205, setWindowRect: true, strictFileInteractability: false, timeouts: {implicit: 0, pageLoad: 300000, script: 30000}, unhandledPromptBehavior: dismiss and notify, webauthn:extension:credBlob: true, webauthn:extension:largeBlob: true, webauthn:extension:minPinLength: true, webauthn:extension:prf: true, webauthn:virtualAuthenticators: true}
Session ID: 0e2095c416f93ddd56b44d870dbb7655
at sun.reflect.NativeConstructorAccessorImpl.newInstance0(Native Method)
at sun.reflect.NativeConstructorAccessorImpl.newInstance(NativeConstructorAccessorImpl.java:62)
at sun.reflect.DelegatingConstructorAccessorImpl.newInstance(DelegatingConstructorAccessorImpl.java:45)
at java.lang.reflect.Constructor.newInstance(Constructor.java:423)
at org.openqa.selenium.remote.codec.w3c.W3CHttpResponseCodec.createException(W3CHttpResponseCodec.java:200)
at org.openqa.selenium.remote.codec.w3c.W3CHttpResponseCodec.decode(W3CHttpResponseCodec.java:133)
at org.openqa.selenium.remote.codec.w3c.W3CHttpResponseCodec.decode(W3CHttpResponseCodec.java:52)
at org.openqa.selenium.remote.HttpCommandExecutor.execute(HttpCommandExecutor.java:191)
at org.openqa.selenium.remote.service.DriverCommandExecutor.invokeExecute(DriverCommandExecutor.java:196)
at org.openqa.selenium.remote.service.DriverCommandExecutor.execute(DriverCommandExecutor.java:171)
at org.openqa.selenium.remote.RemoteWebDriver.execute(RemoteWebDriver.java:602)
at org.openqa.selenium.remote.ElementLocation$ElementFinder$2.findElement(ElementLocation.java:165)
at org.openqa.selenium.remote.ElementLocation.findElement(ElementLocation.java:59)
at org.openqa.selenium.remote.RemoteWebDriver.findElement(RemoteWebDriver.java:359)
at org.openqa.selenium.remote.RemoteWebDriver.findElement(RemoteWebDriver.java:353)
at org.openqa.selenium.support.pagefactory.DefaultElementLocator.findElement(DefaultElementLocator.java:68)
at org.openqa.selenium.support.pagefactory.internal.LocatingElementHandler.invoke(LocatingElementHandler.java:38)
at com.sun.proxy.$Proxy21.getText(Unknown Source)
at Demo.Invoify.Pages.actionAndPreviewPage.getMessage(actionAndPreviewPage.java:188)
at Demo.Invoify.tests.test_PreviewPage.testGeneratingNewInvoice(test_PreviewPage.java:40)
at sun.reflect.NativeMethodAccessorImpl.invoke0(Native Method)
at sun.reflect.NativeMethodAccessorImpl.invoke(NativeMethodAccessorImpl.java:62)
at sun.reflect.DelegatingMethodAccessorImpl.invoke(DelegatingMethodAccessorImpl.java:43)
at java.lang.reflect.Method.invoke(Method.java:498)
at org.testng.internal.MethodInvocationHelper.invokeMethod(MethodInvocationHelper.java:124)
at org.testng.internal.Invoker.invokeMethod(Invoker.java:583)
at org.testng.internal.Invoker.invokeTestMethod(Invoker.java:719)
at org.testng.internal.Invoker.invokeTestMethods(Invoker.java:989)
at org.testng.internal.TestMethodWorker.invokeTestMethods(TestMethodWorker.java:125)
at org.testng.internal.TestMethodWorker.run(TestMethodWorker.java:109)
at org.testng.TestRunner.privateRun(TestRunner.java:648)
at org.testng.TestRunner.run(TestRunner.java:505)
at org.testng.SuiteRunner.runTest(SuiteRunner.java:455)
at org.testng.SuiteRunner.runSequentially(SuiteRunner.java:450)
at org.testng.SuiteRunner.privateRun(SuiteRunner.java:415)
at org.testng.SuiteRunner.run(SuiteRunner.java:364)
at org.testng.SuiteRunnerWorker.runSuite(SuiteRunnerWorker.java:52)
at org.testng.SuiteRunnerWorker.run(SuiteRunnerWorker.java:84)
at org.testng.TestNG.runSuitesSequentially(TestNG.java:1208)
at org.testng.TestNG.runSuitesLocally(TestNG.java:1137)
at org.testng.TestNG.runSuites(TestNG.java:1049)
at org.testng.TestNG.run(TestNG.java:1017)
at org.testng.remote.AbstractRemoteTestNG.run(AbstractRemoteTestNG.java:115)
at org.testng.remote.RemoteTestNG.initAndRun(RemoteTestNG.java:251)
at org.testng.remote.RemoteTestNG.main(RemoteTestNG.java:77)
]]>
            </full-stacktrace>
          </exception> <!-- org.openqa.selenium.NoSuchElementException -->
          <reporter-output>
          </reporter-output>
        </test-method> <!-- testGeneratingNewInvoice -->
        <test-method status="PASS" signature="setMethod(java.lang.reflect.Method)[pri:0, instance:Demo.Invoify.tests.test_PreviewPage@3bd40a57]" name="setMethod" is-config="true" duration-ms="1" started-at="2025-01-06T07:51:06Z" finished-at="2025-01-06T07:51:06Z">
          <params>
            <param index="0">
              <value>
                <![CDATA[public void Demo.Invoify.tests.test_PreviewPage.testLoadingInvoiceFromDevice() throws java.io.IOException]]>
              </value>
            </param>
          </params>
          <reporter-output>
          </reporter-output>
        </test-method> <!-- setMethod -->
        <test-method status="PASS" signature="testLoadingInvoiceFromDevice()[pri:3, instance:Demo.Invoify.tests.test_PreviewPage@3bd40a57]" name="testLoadingInvoiceFromDevice" duration-ms="11061" started-at="2025-01-06T07:51:06Z" finished-at="2025-01-06T07:51:17Z">
          <reporter-output>
          </reporter-output>
        </test-method> <!-- testLoadingInvoiceFromDevice -->
        <test-method status="PASS" signature="setMethod(java.lang.reflect.Method)[pri:0, instance:Demo.Invoify.tests.test_PreviewPage@3bd40a57]" name="setMethod" is-config="true" duration-ms="3" started-at="2025-01-06T07:51:17Z" finished-at="2025-01-06T07:51:17Z">
          <params>
            <param index="0">
              <value>
                <![CDATA[public void Demo.Invoify.tests.test_PreviewPage.testSendingGeneratedPdfViaMail() throws java.io.IOException]]>
              </value>
            </param>
          </params>
          <reporter-output>
          </reporter-output>
        </test-method> <!-- setMethod -->
        <test-method status="PASS" signature="testSendingGeneratedPdfViaMail()[pri:4, instance:Demo.Invoify.tests.test_PreviewPage@3bd40a57]" name="testSendingGeneratedPdfViaMail" duration-ms="26393" started-at="2025-01-06T07:51:17Z" finished-at="2025-01-06T07:51:43Z">
          <reporter-output>
          </reporter-output>
        </test-method> <!-- testSendingGeneratedPdfViaMail -->
        <test-method status="PASS" signature="quitDriver()[pri:0, instance:Demo.Invoify.tests.test_PreviewPage@3bd40a57]" name="quitDriver" is-config="true" duration-ms="349" started-at="2025-01-06T07:51:43Z" finished-at="2025-01-06T07:51:44Z">
          <reporter-output>
          </reporter-output>
        </test-method> <!-- quitDriver -->
        <test-method status="PASS" signature="endTest()[pri:0, instance:Demo.Invoify.tests.test_PreviewPage@3bd40a57]" name="endTest" is-config="true" duration-ms="610" started-at="2025-01-06T07:51:44Z" finished-at="2025-01-06T07:51:44Z">
          <reporter-output>
          </reporter-output>
        </test-method> <!-- endTest -->
      </class> <!-- Demo.Invoify.tests.test_PreviewPage -->
    </test> <!-- Test -->
  </suite> <!-- Suite -->
</testng-results>
