<?xml version="1.0" encoding="UTF-8"?>
<testng-results ignored="0" total="8" passed="5" failed="2" skipped="1">
  <reporter-output>
  </reporter-output>
  <suite started-at="2025-01-12T06:51:50Z" name="Suite" finished-at="2025-01-12T06:54:17Z" duration-ms="146462">
    <groups>
    </groups>
    <test started-at="2025-01-12T06:51:50Z" name="ActionTest" finished-at="2025-01-12T06:53:23Z" duration-ms="93008">
      <class name="Demo.Invoify.tests.validatingInvoiceActions">
        <test-method is-config="true" signature="launchApplication()[pri:0, instance:Demo.Invoify.tests.validatingInvoiceActions@2c88b9fc]" started-at="2025-01-12T06:51:50Z" name="launchApplication" finished-at="2025-01-12T06:52:17Z" duration-ms="26466" status="PASS">
          <reporter-output>
          </reporter-output>
        </test-method> <!-- launchApplication -->
        <test-method signature="testInvoiceSaving()[pri:1, instance:Demo.Invoify.tests.validatingInvoiceActions@2c88b9fc]" started-at="2025-01-12T06:52:17Z" name="testInvoiceSaving" finished-at="2025-01-12T06:53:04Z" duration-ms="46747" status="SKIP">
          <exception class="org.openqa.selenium.TimeoutException">
            <message>
              <![CDATA[Expected condition failed: waiting for visibility of [[ChromeDriver: chrome on mac (e38c3afbc8bcb6d1c536377cfed540dd)] -> xpath: //input[@type='file']] (tried for 15 second(s) with 500 milliseconds interval)
Build info: version: '4.13.0', revision: 'ba948ece5b*'
System info: os.name: 'Mac OS X', os.arch: 'x86_64', os.version: '10.16', java.version: '17.0.1'
Driver info: org.openqa.selenium.chrome.ChromeDriver
Capabilities {acceptInsecureCerts: false, browserName: chrome, browserVersion: 131.0.6778.265, chrome: {chromedriverVersion: 131.0.6778.264 (2d05e315153..., userDataDir: /var/folders/zr/v2p23ft14w9...}, fedcm:accounts: true, goog:chromeOptions: {debuggerAddress: localhost:63676}, networkConnectionEnabled: false, pageLoadStrategy: normal, platformName: mac, proxy: Proxy(), se:cdp: ws://localhost:63676/devtoo..., se:cdpVersion: 131.0.6778.265, setWindowRect: true, strictFileInteractability: false, timeouts: {implicit: 0, pageLoad: 300000, script: 30000}, unhandledPromptBehavior: dismiss and notify, webauthn:extension:credBlob: true, webauthn:extension:largeBlob: true, webauthn:extension:minPinLength: true, webauthn:extension:prf: true, webauthn:virtualAuthenticators: true}
Session ID: e38c3afbc8bcb6d1c536377cfed540dd]]>
            </message>
            <full-stacktrace>
              <![CDATA[org.openqa.selenium.TimeoutException: Expected condition failed: waiting for visibility of [[ChromeDriver: chrome on mac (e38c3afbc8bcb6d1c536377cfed540dd)] -> xpath: //input[@type='file']] (tried for 15 second(s) with 500 milliseconds interval)
Build info: version: '4.13.0', revision: 'ba948ece5b*'
System info: os.name: 'Mac OS X', os.arch: 'x86_64', os.version: '10.16', java.version: '17.0.1'
Driver info: org.openqa.selenium.chrome.ChromeDriver
Capabilities {acceptInsecureCerts: false, browserName: chrome, browserVersion: 131.0.6778.265, chrome: {chromedriverVersion: 131.0.6778.264 (2d05e315153..., userDataDir: /var/folders/zr/v2p23ft14w9...}, fedcm:accounts: true, goog:chromeOptions: {debuggerAddress: localhost:63676}, networkConnectionEnabled: false, pageLoadStrategy: normal, platformName: mac, proxy: Proxy(), se:cdp: ws://localhost:63676/devtoo..., se:cdpVersion: 131.0.6778.265, setWindowRect: true, strictFileInteractability: false, timeouts: {implicit: 0, pageLoad: 300000, script: 30000}, unhandledPromptBehavior: dismiss and notify, webauthn:extension:credBlob: true, webauthn:extension:largeBlob: true, webauthn:extension:minPinLength: true, webauthn:extension:prf: true, webauthn:virtualAuthenticators: true}
Session ID: e38c3afbc8bcb6d1c536377cfed540dd
at org.openqa.selenium.support.ui.WebDriverWait.timeoutException(WebDriverWait.java:84)
at org.openqa.selenium.support.ui.FluentWait.until(FluentWait.java:230)
at Demo.Invoify.Core.PageObjectFacilitator.waitForElementToBeVisible(PageObjectFacilitator.java:42)
at Demo.Invoify.Pages.actionAndPreviewPage.loadInvoice(actionAndPreviewPage.java:159)
at Demo.Invoify.Pages.actionAndPreviewPage.loadInvoiceFromDevice(actionAndPreviewPage.java:182)
at Demo.Invoify.tests.validatingInvoiceActions.testInvoiceSaving(validatingInvoiceActions.java:32)
at java.base/jdk.internal.reflect.NativeMethodAccessorImpl.invoke0(Native Method)
at java.base/jdk.internal.reflect.NativeMethodAccessorImpl.invoke(NativeMethodAccessorImpl.java:77)
at java.base/jdk.internal.reflect.DelegatingMethodAccessorImpl.invoke(DelegatingMethodAccessorImpl.java:43)
at java.base/java.lang.reflect.Method.invoke(Method.java:568)
at org.testng.internal.MethodInvocationHelper.invokeMethod(MethodInvocationHelper.java:124)
at org.testng.internal.Invoker.invokeMethod(Invoker.java:583)
at org.testng.internal.Invoker.invokeTestMethod(Invoker.java:719)
at org.testng.internal.Invoker.invokeTestMethods(Invoker.java:989)
at org.testng.internal.TestMethodWorker.invokeTestMethods(TestMethodWorker.java:125)
at org.testng.internal.TestMethodWorker.run(TestMethodWorker.java:109)
at org.testng.TestRunner.privateRun(TestRunner.java:648)
at org.testng.TestRunner.run(TestRunner.java:505)
at org.testng.SuiteRunner.runTest(SuiteRunner.java:455)
at org.testng.SuiteRunner.access$000(SuiteRunner.java:40)
at org.testng.SuiteRunner$SuiteWorker.run(SuiteRunner.java:489)
at org.testng.internal.thread.ThreadUtil$1.call(ThreadUtil.java:52)
at java.base/java.util.concurrent.FutureTask.run(FutureTask.java:264)
at java.base/java.util.concurrent.ThreadPoolExecutor.runWorker(ThreadPoolExecutor.java:1136)
at java.base/java.util.concurrent.ThreadPoolExecutor$Worker.run(ThreadPoolExecutor.java:635)
at java.base/java.lang.Thread.run(Thread.java:833)
]]>
            </full-stacktrace>
          </exception> <!-- org.openqa.selenium.TimeoutException -->
          <reporter-output>
          </reporter-output>
        </test-method> <!-- testInvoiceSaving -->
        <test-method signature="testInvoiceSaving()[pri:1, instance:Demo.Invoify.tests.validatingInvoiceActions@2c88b9fc]" started-at="2025-01-12T06:53:04Z" name="testInvoiceSaving" finished-at="2025-01-12T06:53:05Z" duration-ms="1708" status="FAIL">
          <exception class="org.openqa.selenium.ElementClickInterceptedException">
            <message>
              <![CDATA[element click intercepted: Element <button class="items-center justify-center rounded-md text-sm font-medium ring-offset-background transition-colors focus-visible:outline-none focus-visible:ring-2 focus-visible:ring-ring focus-visible:ring-offset-2 disabled:pointer-events-none disabled:opacity-50 border border-input bg-background hover:bg-accent hover:text-accent-foreground h-10 px-4 py-2 flex gap-2" type="button" aria-haspopup="dialog" aria-expanded="true" aria-controls="radix-:R1dapalla:" data-state="open">...</button> is not clickable at point (1003, 275). Other element would receive the click: <div data-state="open" class="fixed inset-0 z-50 bg-background/80 backdrop-blur-sm data-[state=open]:animate-in data-[state=closed]:animate-out data-[state=closed]:fade-out-0 data-[state=open]:fade-in-0" data-aria-hidden="true" aria-hidden="true" style="pointer-events: auto;"></div>
  (Session info: chrome=131.0.6778.265)
Build info: version: '4.13.0', revision: 'ba948ece5b*'
System info: os.name: 'Mac OS X', os.arch: 'x86_64', os.version: '10.16', java.version: '17.0.1'
Driver info: org.openqa.selenium.chrome.ChromeDriver
Command: [e38c3afbc8bcb6d1c536377cfed540dd, clickElement {id=f.865509CDCD6AC93C3F7D9D85F27D680D.d.DC7AEFB73D2E8A0DE5688151A1555B0C.e.42}]
Capabilities {acceptInsecureCerts: false, browserName: chrome, browserVersion: 131.0.6778.265, chrome: {chromedriverVersion: 131.0.6778.264 (2d05e315153..., userDataDir: /var/folders/zr/v2p23ft14w9...}, fedcm:accounts: true, goog:chromeOptions: {debuggerAddress: localhost:63676}, networkConnectionEnabled: false, pageLoadStrategy: normal, platformName: mac, proxy: Proxy(), se:cdp: ws://localhost:63676/devtoo..., se:cdpVersion: 131.0.6778.265, setWindowRect: true, strictFileInteractability: false, timeouts: {implicit: 0, pageLoad: 300000, script: 30000}, unhandledPromptBehavior: dismiss and notify, webauthn:extension:credBlob: true, webauthn:extension:largeBlob: true, webauthn:extension:minPinLength: true, webauthn:extension:prf: true, webauthn:virtualAuthenticators: true}
Element: [[ChromeDriver: chrome on mac (e38c3afbc8bcb6d1c536377cfed540dd)] -> xpath: //button[text()='Load Invoice']]
Session ID: e38c3afbc8bcb6d1c536377cfed540dd]]>
            </message>
            <full-stacktrace>
              <![CDATA[org.openqa.selenium.ElementClickInterceptedException: element click intercepted: Element <button class="items-center justify-center rounded-md text-sm font-medium ring-offset-background transition-colors focus-visible:outline-none focus-visible:ring-2 focus-visible:ring-ring focus-visible:ring-offset-2 disabled:pointer-events-none disabled:opacity-50 border border-input bg-background hover:bg-accent hover:text-accent-foreground h-10 px-4 py-2 flex gap-2" type="button" aria-haspopup="dialog" aria-expanded="true" aria-controls="radix-:R1dapalla:" data-state="open">...</button> is not clickable at point (1003, 275). Other element would receive the click: <div data-state="open" class="fixed inset-0 z-50 bg-background/80 backdrop-blur-sm data-[state=open]:animate-in data-[state=closed]:animate-out data-[state=closed]:fade-out-0 data-[state=open]:fade-in-0" data-aria-hidden="true" aria-hidden="true" style="pointer-events: auto;"></div>
  (Session info: chrome=131.0.6778.265)
Build info: version: '4.13.0', revision: 'ba948ece5b*'
System info: os.name: 'Mac OS X', os.arch: 'x86_64', os.version: '10.16', java.version: '17.0.1'
Driver info: org.openqa.selenium.chrome.ChromeDriver
Command: [e38c3afbc8bcb6d1c536377cfed540dd, clickElement {id=f.865509CDCD6AC93C3F7D9D85F27D680D.d.DC7AEFB73D2E8A0DE5688151A1555B0C.e.42}]
Capabilities {acceptInsecureCerts: false, browserName: chrome, browserVersion: 131.0.6778.265, chrome: {chromedriverVersion: 131.0.6778.264 (2d05e315153..., userDataDir: /var/folders/zr/v2p23ft14w9...}, fedcm:accounts: true, goog:chromeOptions: {debuggerAddress: localhost:63676}, networkConnectionEnabled: false, pageLoadStrategy: normal, platformName: mac, proxy: Proxy(), se:cdp: ws://localhost:63676/devtoo..., se:cdpVersion: 131.0.6778.265, setWindowRect: true, strictFileInteractability: false, timeouts: {implicit: 0, pageLoad: 300000, script: 30000}, unhandledPromptBehavior: dismiss and notify, webauthn:extension:credBlob: true, webauthn:extension:largeBlob: true, webauthn:extension:minPinLength: true, webauthn:extension:prf: true, webauthn:virtualAuthenticators: true}
Element: [[ChromeDriver: chrome on mac (e38c3afbc8bcb6d1c536377cfed540dd)] -> xpath: //button[text()='Load Invoice']]
Session ID: e38c3afbc8bcb6d1c536377cfed540dd
at java.base/jdk.internal.reflect.NativeConstructorAccessorImpl.newInstance0(Native Method)
at java.base/jdk.internal.reflect.NativeConstructorAccessorImpl.newInstance(NativeConstructorAccessorImpl.java:77)
at java.base/jdk.internal.reflect.DelegatingConstructorAccessorImpl.newInstance(DelegatingConstructorAccessorImpl.java:45)
at java.base/java.lang.reflect.Constructor.newInstanceWithCaller(Constructor.java:499)
at java.base/java.lang.reflect.Constructor.newInstance(Constructor.java:480)
at org.openqa.selenium.remote.codec.w3c.W3CHttpResponseCodec.createException(W3CHttpResponseCodec.java:200)
at org.openqa.selenium.remote.codec.w3c.W3CHttpResponseCodec.decode(W3CHttpResponseCodec.java:133)
at org.openqa.selenium.remote.codec.w3c.W3CHttpResponseCodec.decode(W3CHttpResponseCodec.java:52)
at org.openqa.selenium.remote.HttpCommandExecutor.execute(HttpCommandExecutor.java:191)
at org.openqa.selenium.remote.service.DriverCommandExecutor.invokeExecute(DriverCommandExecutor.java:196)
at org.openqa.selenium.remote.service.DriverCommandExecutor.execute(DriverCommandExecutor.java:171)
at org.openqa.selenium.remote.RemoteWebDriver.execute(RemoteWebDriver.java:602)
at org.openqa.selenium.remote.RemoteWebElement.execute(RemoteWebElement.java:224)
at org.openqa.selenium.remote.RemoteWebElement.click(RemoteWebElement.java:77)
at java.base/jdk.internal.reflect.NativeMethodAccessorImpl.invoke0(Native Method)
at java.base/jdk.internal.reflect.NativeMethodAccessorImpl.invoke(NativeMethodAccessorImpl.java:77)
at java.base/jdk.internal.reflect.DelegatingMethodAccessorImpl.invoke(DelegatingMethodAccessorImpl.java:43)
at java.base/java.lang.reflect.Method.invoke(Method.java:568)
at org.openqa.selenium.support.pagefactory.internal.LocatingElementHandler.invoke(LocatingElementHandler.java:51)
at jdk.proxy2/jdk.proxy2.$Proxy20.click(Unknown Source)
at Demo.Invoify.Core.PageObjectFacilitator.clickElement(PageObjectFacilitator.java:72)
at Demo.Invoify.Pages.actionAndPreviewPage.loadInvoice(actionAndPreviewPage.java:158)
at Demo.Invoify.Pages.actionAndPreviewPage.loadInvoiceFromDevice(actionAndPreviewPage.java:182)
at Demo.Invoify.tests.validatingInvoiceActions.testInvoiceSaving(validatingInvoiceActions.java:32)
at java.base/jdk.internal.reflect.NativeMethodAccessorImpl.invoke0(Native Method)
at java.base/jdk.internal.reflect.NativeMethodAccessorImpl.invoke(NativeMethodAccessorImpl.java:77)
at java.base/jdk.internal.reflect.DelegatingMethodAccessorImpl.invoke(DelegatingMethodAccessorImpl.java:43)
at java.base/java.lang.reflect.Method.invoke(Method.java:568)
at org.testng.internal.MethodInvocationHelper.invokeMethod(MethodInvocationHelper.java:124)
at org.testng.internal.Invoker.invokeMethod(Invoker.java:583)
at org.testng.internal.Invoker.retryFailed(Invoker.java:839)
at org.testng.internal.Invoker.invokeTestMethods(Invoker.java:1010)
at org.testng.internal.TestMethodWorker.invokeTestMethods(TestMethodWorker.java:125)
at org.testng.internal.TestMethodWorker.run(TestMethodWorker.java:109)
at org.testng.TestRunner.privateRun(TestRunner.java:648)
at org.testng.TestRunner.run(TestRunner.java:505)
at org.testng.SuiteRunner.runTest(SuiteRunner.java:455)
at org.testng.SuiteRunner.access$000(SuiteRunner.java:40)
at org.testng.SuiteRunner$SuiteWorker.run(SuiteRunner.java:489)
at org.testng.internal.thread.ThreadUtil$1.call(ThreadUtil.java:52)
at java.base/java.util.concurrent.FutureTask.run(FutureTask.java:264)
at java.base/java.util.concurrent.ThreadPoolExecutor.runWorker(ThreadPoolExecutor.java:1136)
at java.base/java.util.concurrent.ThreadPoolExecutor$Worker.run(ThreadPoolExecutor.java:635)
at java.base/java.lang.Thread.run(Thread.java:833)
]]>
            </full-stacktrace>
          </exception> <!-- org.openqa.selenium.ElementClickInterceptedException -->
          <reporter-output>
          </reporter-output>
        </test-method> <!-- testInvoiceSaving -->
        <test-method signature="testNavigation()[pri:2, instance:Demo.Invoify.tests.validatingInvoiceActions@2c88b9fc]" started-at="2025-01-12T06:53:06Z" name="testNavigation" finished-at="2025-01-12T06:53:23Z" duration-ms="16555" status="FAIL">
          <exception class="org.openqa.selenium.TimeoutException">
            <message>
              <![CDATA[Expected condition failed: waiting for element to be clickable: [[ChromeDriver: chrome on mac (e38c3afbc8bcb6d1c536377cfed540dd)] -> xpath: //button[text()='Next']] (tried for 15 second(s) with 500 milliseconds interval)
Build info: version: '4.13.0', revision: 'ba948ece5b*'
System info: os.name: 'Mac OS X', os.arch: 'x86_64', os.version: '10.16', java.version: '17.0.1'
Driver info: org.openqa.selenium.chrome.ChromeDriver
Capabilities {acceptInsecureCerts: false, browserName: chrome, browserVersion: 131.0.6778.265, chrome: {chromedriverVersion: 131.0.6778.264 (2d05e315153..., userDataDir: /var/folders/zr/v2p23ft14w9...}, fedcm:accounts: true, goog:chromeOptions: {debuggerAddress: localhost:63676}, networkConnectionEnabled: false, pageLoadStrategy: normal, platformName: mac, proxy: Proxy(), se:cdp: ws://localhost:63676/devtoo..., se:cdpVersion: 131.0.6778.265, setWindowRect: true, strictFileInteractability: false, timeouts: {implicit: 0, pageLoad: 300000, script: 30000}, unhandledPromptBehavior: dismiss and notify, webauthn:extension:credBlob: true, webauthn:extension:largeBlob: true, webauthn:extension:minPinLength: true, webauthn:extension:prf: true, webauthn:virtualAuthenticators: true}
Session ID: e38c3afbc8bcb6d1c536377cfed540dd]]>
            </message>
            <full-stacktrace>
              <![CDATA[org.openqa.selenium.TimeoutException: Expected condition failed: waiting for element to be clickable: [[ChromeDriver: chrome on mac (e38c3afbc8bcb6d1c536377cfed540dd)] -> xpath: //button[text()='Next']] (tried for 15 second(s) with 500 milliseconds interval)
Build info: version: '4.13.0', revision: 'ba948ece5b*'
System info: os.name: 'Mac OS X', os.arch: 'x86_64', os.version: '10.16', java.version: '17.0.1'
Driver info: org.openqa.selenium.chrome.ChromeDriver
Capabilities {acceptInsecureCerts: false, browserName: chrome, browserVersion: 131.0.6778.265, chrome: {chromedriverVersion: 131.0.6778.264 (2d05e315153..., userDataDir: /var/folders/zr/v2p23ft14w9...}, fedcm:accounts: true, goog:chromeOptions: {debuggerAddress: localhost:63676}, networkConnectionEnabled: false, pageLoadStrategy: normal, platformName: mac, proxy: Proxy(), se:cdp: ws://localhost:63676/devtoo..., se:cdpVersion: 131.0.6778.265, setWindowRect: true, strictFileInteractability: false, timeouts: {implicit: 0, pageLoad: 300000, script: 30000}, unhandledPromptBehavior: dismiss and notify, webauthn:extension:credBlob: true, webauthn:extension:largeBlob: true, webauthn:extension:minPinLength: true, webauthn:extension:prf: true, webauthn:virtualAuthenticators: true}
Session ID: e38c3afbc8bcb6d1c536377cfed540dd
at org.openqa.selenium.support.ui.WebDriverWait.timeoutException(WebDriverWait.java:84)
at org.openqa.selenium.support.ui.FluentWait.until(FluentWait.java:230)
at Demo.Invoify.Core.PageObjectFacilitator.waitForElementToBeClickable(PageObjectFacilitator.java:52)
at Demo.Invoify.Core.PageObjectFacilitator.clickElement(PageObjectFacilitator.java:71)
at Demo.Invoify.Pages.homePage.clickOnNextButton(homePage.java:169)
at Demo.Invoify.tests.validatingInvoiceActions.testNavigation(validatingInvoiceActions.java:24)
at java.base/jdk.internal.reflect.NativeMethodAccessorImpl.invoke0(Native Method)
at java.base/jdk.internal.reflect.NativeMethodAccessorImpl.invoke(NativeMethodAccessorImpl.java:77)
at java.base/jdk.internal.reflect.DelegatingMethodAccessorImpl.invoke(DelegatingMethodAccessorImpl.java:43)
at java.base/java.lang.reflect.Method.invoke(Method.java:568)
at org.testng.internal.MethodInvocationHelper.invokeMethod(MethodInvocationHelper.java:124)
at org.testng.internal.Invoker.invokeMethod(Invoker.java:583)
at org.testng.internal.Invoker.invokeTestMethod(Invoker.java:719)
at org.testng.internal.Invoker.invokeTestMethods(Invoker.java:989)
at org.testng.internal.TestMethodWorker.invokeTestMethods(TestMethodWorker.java:125)
at org.testng.internal.TestMethodWorker.run(TestMethodWorker.java:109)
at org.testng.TestRunner.privateRun(TestRunner.java:648)
at org.testng.TestRunner.run(TestRunner.java:505)
at org.testng.SuiteRunner.runTest(SuiteRunner.java:455)
at org.testng.SuiteRunner.access$000(SuiteRunner.java:40)
at org.testng.SuiteRunner$SuiteWorker.run(SuiteRunner.java:489)
at org.testng.internal.thread.ThreadUtil$1.call(ThreadUtil.java:52)
at java.base/java.util.concurrent.FutureTask.run(FutureTask.java:264)
at java.base/java.util.concurrent.ThreadPoolExecutor.runWorker(ThreadPoolExecutor.java:1136)
at java.base/java.util.concurrent.ThreadPoolExecutor$Worker.run(ThreadPoolExecutor.java:635)
at java.base/java.lang.Thread.run(Thread.java:833)
]]>
            </full-stacktrace>
          </exception> <!-- org.openqa.selenium.TimeoutException -->
          <reporter-output>
          </reporter-output>
        </test-method> <!-- testNavigation -->
        <test-method is-config="true" signature="quitDriver()[pri:0, instance:Demo.Invoify.tests.validatingInvoiceActions@2c88b9fc]" started-at="2025-01-12T06:53:23Z" name="quitDriver" finished-at="2025-01-12T06:53:23Z" duration-ms="263" status="PASS">
          <reporter-output>
          </reporter-output>
        </test-method> <!-- quitDriver -->
      </class> <!-- Demo.Invoify.tests.validatingInvoiceActions -->
    </test> <!-- ActionTest -->
    <test started-at="2025-01-12T06:51:50Z" name="UploadTest" finished-at="2025-01-12T06:53:40Z" duration-ms="109364">
      <class name="Demo.Invoify.tests.verifyAttachmentUpload">
        <test-method is-config="true" signature="launchApplication()[pri:0, instance:Demo.Invoify.tests.verifyAttachmentUpload@242aa8d9]" started-at="2025-01-12T06:51:50Z" name="launchApplication" finished-at="2025-01-12T06:52:16Z" duration-ms="25699" status="PASS">
          <reporter-output>
          </reporter-output>
        </test-method> <!-- launchApplication -->
        <test-method signature="verifyBillAttachement()[pri:1, instance:Demo.Invoify.tests.verifyAttachmentUpload@242aa8d9]" started-at="2025-01-12T06:52:16Z" name="verifyBillAttachement" finished-at="2025-01-12T06:53:25Z" duration-ms="68494" status="PASS">
          <reporter-output>
          </reporter-output>
        </test-method> <!-- verifyBillAttachement -->
        <test-method signature="testSignatureUpload()[pri:2, instance:Demo.Invoify.tests.verifyAttachmentUpload@242aa8d9]" started-at="2025-01-12T06:53:25Z" name="testSignatureUpload" finished-at="2025-01-12T06:53:39Z" duration-ms="14905" status="PASS">
          <reporter-output>
          </reporter-output>
        </test-method> <!-- testSignatureUpload -->
        <test-method is-config="true" signature="quitDriver()[pri:0, instance:Demo.Invoify.tests.verifyAttachmentUpload@242aa8d9]" started-at="2025-01-12T06:53:39Z" name="quitDriver" finished-at="2025-01-12T06:53:40Z" duration-ms="187" status="PASS">
          <reporter-output>
          </reporter-output>
        </test-method> <!-- quitDriver -->
      </class> <!-- Demo.Invoify.tests.verifyAttachmentUpload -->
    </test> <!-- UploadTest -->
    <test started-at="2025-01-12T06:51:50Z" name="DataTest" finished-at="2025-01-12T06:54:17Z" duration-ms="146462">
      <class name="Demo.Invoify.tests.dataInputValidation">
        <test-method is-config="true" signature="launchApplication()[pri:0, instance:Demo.Invoify.tests.dataInputValidation@6d304f9d]" started-at="2025-01-12T06:51:50Z" name="launchApplication" finished-at="2025-01-12T06:52:17Z" duration-ms="26406" status="PASS">
          <reporter-output>
          </reporter-output>
        </test-method> <!-- launchApplication -->
        <test-method signature="testBankDetailsAreEntered()[pri:1, instance:Demo.Invoify.tests.dataInputValidation@6d304f9d]" started-at="2025-01-12T06:52:17Z" name="testBankDetailsAreEntered" finished-at="2025-01-12T06:53:20Z" duration-ms="63490" status="PASS">
          <reporter-output>
          </reporter-output>
        </test-method> <!-- testBankDetailsAreEntered -->
        <test-method signature="testProperTotalCalculation()[pri:2, instance:Demo.Invoify.tests.dataInputValidation@6d304f9d]" started-at="2025-01-12T06:53:20Z" name="testProperTotalCalculation" finished-at="2025-01-12T06:53:36Z" duration-ms="15669" status="PASS">
          <reporter-output>
          </reporter-output>
        </test-method> <!-- testProperTotalCalculation -->
        <test-method signature="testToggleButtonEnabling()[pri:3, instance:Demo.Invoify.tests.dataInputValidation@6d304f9d]" started-at="2025-01-12T06:53:36Z" name="testToggleButtonEnabling" finished-at="2025-01-12T06:54:17Z" duration-ms="40646" status="PASS">
          <reporter-output>
          </reporter-output>
        </test-method> <!-- testToggleButtonEnabling -->
        <test-method is-config="true" signature="quitDriver()[pri:0, instance:Demo.Invoify.tests.dataInputValidation@6d304f9d]" started-at="2025-01-12T06:54:17Z" name="quitDriver" finished-at="2025-01-12T06:54:17Z" duration-ms="173" status="PASS">
          <reporter-output>
          </reporter-output>
        </test-method> <!-- quitDriver -->
      </class> <!-- Demo.Invoify.tests.dataInputValidation -->
    </test> <!-- DataTest -->
  </suite> <!-- Suite -->
</testng-results>
